\BOOKMARK [0][-]{chapter.1}{Introduction}{}% 1
\BOOKMARK [1][-]{section.1.1}{Introduction}{chapter.1}% 2
\BOOKMARK [2][-]{subsection.1.1.1}{Private Cloud}{section.1.1}% 3
\BOOKMARK [2][-]{subsection.1.1.2}{Deploying Network Services}{section.1.1}% 4
\BOOKMARK [2][-]{subsection.1.1.3}{Central Identity}{section.1.1}% 5
\BOOKMARK [0][-]{chapter.2}{Phase I Work}{}% 6
\BOOKMARK [1][-]{section.2.1}{Components}{chapter.2}% 7
\BOOKMARK [0][-]{chapter.3}{Phase II Work}{}% 8
\BOOKMARK [1][-]{section.3.1}{Components}{chapter.3}% 9
\BOOKMARK [0][-]{chapter.4}{Network Single Sign-On}{}% 10
\BOOKMARK [1][-]{section.4.1}{Introduction}{chapter.4}% 11
\BOOKMARK [1][-]{section.4.2}{LDAP Server}{chapter.4}% 12
\BOOKMARK [2][-]{subsection.4.2.1}{Installation and Configuration}{section.4.2}% 13
\BOOKMARK [1][-]{section.4.3}{phpLDAPadmin}{chapter.4}% 14
\BOOKMARK [2][-]{subsection.4.3.1}{Installation and Configuration}{section.4.3}% 15
\BOOKMARK [2][-]{subsection.4.3.2}{Web Interface of phpLDAPadmin:}{section.4.3}% 16
\BOOKMARK [1][-]{section.4.4}{LDAP Client:}{chapter.4}% 17
\BOOKMARK [2][-]{subsection.4.4.1}{Installation and Configuration:}{section.4.4}% 18
\BOOKMARK [2][-]{subsection.4.4.2}{Log In as an LDAP User:}{section.4.4}% 19
\BOOKMARK [0][-]{chapter.5}{Private Infrastructure Cloud}{}% 20
\BOOKMARK [1][-]{section.5.1}{Openstack Architecture}{chapter.5}% 21
\BOOKMARK [1][-]{section.5.2}{Installation}{chapter.5}% 22
\BOOKMARK [2][-]{subsection.5.2.1}{NTP}{section.5.2}% 23
\BOOKMARK [2][-]{subsection.5.2.2}{MySQL}{section.5.2}% 24
\BOOKMARK [2][-]{subsection.5.2.3}{Rabbitmq-server}{section.5.2}% 25
\BOOKMARK [2][-]{subsection.5.2.4}{Keystone}{section.5.2}% 26
\BOOKMARK [2][-]{subsection.5.2.5}{Glance}{section.5.2}% 27
\BOOKMARK [2][-]{subsection.5.2.6}{Nova}{section.5.2}% 28
\BOOKMARK [2][-]{subsection.5.2.7}{Neutron}{section.5.2}% 29
\BOOKMARK [1][-]{section.5.3}{Virtual Machines}{chapter.5}% 30
\BOOKMARK [0][-]{chapter.6}{Conclusion \046 Future Work}{}% 31
\BOOKMARK [1][-]{section.6.1}{Conclusion}{chapter.6}% 32
\BOOKMARK [1][-]{section.6.2}{Future Work}{chapter.6}% 33
\BOOKMARK [0][-]{chapter.7}{References}{}% 34
