\BOOKMARK [0][-]{chapter.1}{Introduction}{}% 1
\BOOKMARK [1][-]{section.1.1}{Introduction}{chapter.1}% 2
\BOOKMARK [2][-]{subsection.1.1.1}{Private Cloud}{section.1.1}% 3
\BOOKMARK [2][-]{subsection.1.1.2}{Deploying Network Services}{section.1.1}% 4
\BOOKMARK [2][-]{subsection.1.1.3}{Central Identity}{section.1.1}% 5
\BOOKMARK [0][-]{chapter.2}{Typical Solution}{}% 6
\BOOKMARK [1][-]{section.2.1}{System under consideration}{chapter.2}% 7
\BOOKMARK [1][-]{section.2.2}{Proposed System}{chapter.2}% 8
\BOOKMARK [0][-]{chapter.3}{Development}{}% 9
\BOOKMARK [1][-]{section.3.1}{Development Stack}{chapter.3}% 10
\BOOKMARK [1][-]{section.3.2}{Development Architecture}{chapter.3}% 11
\BOOKMARK [0][-]{chapter.4}{Design and Approach}{}% 12
\BOOKMARK [1][-]{section.4.1}{Existing System Specifications}{chapter.4}% 13
\BOOKMARK [1][-]{section.4.2}{Proposed Design and Approach}{chapter.4}% 14
\BOOKMARK [0][-]{chapter.5}{Implentation and Specifications}{}% 15
\BOOKMARK [1][-]{section.5.1}{Implentation}{chapter.5}% 16
\BOOKMARK [1][-]{section.5.2}{Specifications}{chapter.5}% 17
\BOOKMARK [1][-]{section.5.3}{Desired Technologies}{chapter.5}% 18
\BOOKMARK [1][-]{section.5.4}{Expcted Results}{chapter.5}% 19
\BOOKMARK [1][-]{section.5.5}{Project Time Line}{chapter.5}% 20
\BOOKMARK [0][-]{chapter.6}{References}{}% 21
\BOOKMARK [1][-]{section.6.1}{Web References}{chapter.6}% 22
