This is pdfTeX, Version 3.1415926-2.5-1.40.14 (TeX Live 2013/Debian) (format=pdflatex 2014.7.1)  10 DEC 2014 00:33
entering extended mode
 restricted \write18 enabled.
 %&-line parsing enabled.
**rgukt-report.tex
(./rgukt-report.tex
LaTeX2e <2011/06/27>
Babel <3.9h> and hyphenation patterns for 4 languages loaded.
(/usr/share/texlive/texmf-dist/tex/latex/base/report.cls
Document Class: report 2007/10/19 v1.4h Standard LaTeX document class
(/usr/share/texlive/texmf-dist/tex/latex/base/size12.clo
File: size12.clo 2007/10/19 v1.4h Standard LaTeX file (size option)
)
\c@part=\count79
\c@chapter=\count80
\c@section=\count81
\c@subsection=\count82
\c@subsubsection=\count83
\c@paragraph=\count84
\c@subparagraph=\count85
\c@figure=\count86
\c@table=\count87
\abovecaptionskip=\skip41
\belowcaptionskip=\skip42
\bibindent=\dimen102
)
(/usr/share/texlive/texmf-dist/tex/latex/geometry/geometry.sty
Package: geometry 2010/09/12 v5.6 Page Geometry

(/usr/share/texlive/texmf-dist/tex/latex/graphics/keyval.sty
Package: keyval 1999/03/16 v1.13 key=value parser (DPC)
\KV@toks@=\toks14
)
(/usr/share/texlive/texmf-dist/tex/generic/oberdiek/ifpdf.sty
Package: ifpdf 2011/01/30 v2.3 Provides the ifpdf switch (HO)
Package ifpdf Info: pdfTeX in PDF mode is detected.
)
(/usr/share/texlive/texmf-dist/tex/generic/oberdiek/ifvtex.sty
Package: ifvtex 2010/03/01 v1.5 Detect VTeX and its facilities (HO)
Package ifvtex Info: VTeX not detected.
)
(/usr/share/texlive/texmf-dist/tex/generic/ifxetex/ifxetex.sty
Package: ifxetex 2010/09/12 v0.6 Provides ifxetex conditional
)
\Gm@cnth=\count88
\Gm@cntv=\count89
\c@Gm@tempcnt=\count90
\Gm@bindingoffset=\dimen103
\Gm@wd@mp=\dimen104
\Gm@odd@mp=\dimen105
\Gm@even@mp=\dimen106
\Gm@layoutwidth=\dimen107
\Gm@layoutheight=\dimen108
\Gm@layouthoffset=\dimen109
\Gm@layoutvoffset=\dimen110
\Gm@dimlist=\toks15
)
(/usr/share/texlive/texmf-dist/tex/latex/graphics/graphicx.sty
Package: graphicx 1999/02/16 v1.0f Enhanced LaTeX Graphics (DPC,SPQR)

(/usr/share/texlive/texmf-dist/tex/latex/graphics/graphics.sty
Package: graphics 2009/02/05 v1.0o Standard LaTeX Graphics (DPC,SPQR)

(/usr/share/texlive/texmf-dist/tex/latex/graphics/trig.sty
Package: trig 1999/03/16 v1.09 sin cos tan (DPC)
)
(/usr/share/texlive/texmf-dist/tex/latex/latexconfig/graphics.cfg
File: graphics.cfg 2010/04/23 v1.9 graphics configuration of TeX Live
)
Package graphics Info: Driver file: pdftex.def on input line 91.

(/usr/share/texlive/texmf-dist/tex/latex/pdftex-def/pdftex.def
File: pdftex.def 2011/05/27 v0.06d Graphics/color for pdfTeX

(/usr/share/texlive/texmf-dist/tex/generic/oberdiek/infwarerr.sty
Package: infwarerr 2010/04/08 v1.3 Providing info/warning/error messages (HO)
)
(/usr/share/texlive/texmf-dist/tex/generic/oberdiek/ltxcmds.sty
Package: ltxcmds 2011/11/09 v1.22 LaTeX kernel commands for general use (HO)
)
\Gread@gobject=\count91
))
\Gin@req@height=\dimen111
\Gin@req@width=\dimen112
)
(/usr/share/texlive/texmf-dist/tex/latex/url/url.sty
\Urlmuskip=\muskip10
Package: url 2013/09/16  ver 3.4  Verb mode for urls, etc.
)
(/usr/share/texlive/texmf-dist/tex/latex/cite/chapterbib.sty
\c@inputfile=\count92
Package: chapterbib 2010/09/18  v 1.17
)
(/usr/share/texlive/texmf-dist/tex/latex/hyperref/hyperref.sty
Package: hyperref 2012/11/06 v6.83m Hypertext links for LaTeX

(/usr/share/texlive/texmf-dist/tex/generic/oberdiek/hobsub-hyperref.sty
Package: hobsub-hyperref 2012/05/28 v1.13 Bundle oberdiek, subset hyperref (HO)


(/usr/share/texlive/texmf-dist/tex/generic/oberdiek/hobsub-generic.sty
Package: hobsub-generic 2012/05/28 v1.13 Bundle oberdiek, subset generic (HO)
Package: hobsub 2012/05/28 v1.13 Construct package bundles (HO)
Package hobsub Info: Skipping package `infwarerr' (already loaded).
Package hobsub Info: Skipping package `ltxcmds' (already loaded).
Package: ifluatex 2010/03/01 v1.3 Provides the ifluatex switch (HO)
Package ifluatex Info: LuaTeX not detected.
Package hobsub Info: Skipping package `ifvtex' (already loaded).
Package: intcalc 2007/09/27 v1.1 Expandable calculations with integers (HO)
Package hobsub Info: Skipping package `ifpdf' (already loaded).
Package: etexcmds 2011/02/16 v1.5 Avoid name clashes with e-TeX commands (HO)
Package etexcmds Info: Could not find \expanded.
(etexcmds)             That can mean that you are not using pdfTeX 1.50 or
(etexcmds)             that some package has redefined \expanded.
(etexcmds)             In the latter case, load this package earlier.
Package: kvsetkeys 2012/04/25 v1.16 Key value parser (HO)
Package: kvdefinekeys 2011/04/07 v1.3 Define keys (HO)
Package: pdftexcmds 2011/11/29 v0.20 Utility functions of pdfTeX for LuaTeX (HO
)
Package pdftexcmds Info: LuaTeX not detected.
Package pdftexcmds Info: \pdf@primitive is available.
Package pdftexcmds Info: \pdf@ifprimitive is available.
Package pdftexcmds Info: \pdfdraftmode found.
Package: pdfescape 2011/11/25 v1.13 Implements pdfTeX's escape features (HO)
Package: bigintcalc 2012/04/08 v1.3 Expandable calculations on big integers (HO
)
Package: bitset 2011/01/30 v1.1 Handle bit-vector datatype (HO)
Package: uniquecounter 2011/01/30 v1.2 Provide unlimited unique counter (HO)
)
Package hobsub Info: Skipping package `hobsub' (already loaded).
Package: letltxmacro 2010/09/02 v1.4 Let assignment for LaTeX macros (HO)
Package: hopatch 2012/05/28 v1.2 Wrapper for package hooks (HO)
Package: xcolor-patch 2011/01/30 xcolor patch
Package: atveryend 2011/06/30 v1.8 Hooks at the very end of document (HO)
Package atveryend Info: \enddocument detected (standard20110627).
Package: atbegshi 2011/10/05 v1.16 At begin shipout hook (HO)
Package: refcount 2011/10/16 v3.4 Data extraction from label references (HO)
Package: hycolor 2011/01/30 v1.7 Color options for hyperref/bookmark (HO)
)
(/usr/share/texlive/texmf-dist/tex/latex/oberdiek/auxhook.sty
Package: auxhook 2011/03/04 v1.3 Hooks for auxiliary files (HO)
)
(/usr/share/texlive/texmf-dist/tex/latex/oberdiek/kvoptions.sty
Package: kvoptions 2011/06/30 v3.11 Key value format for package options (HO)
)
\@linkdim=\dimen113
\Hy@linkcounter=\count93
\Hy@pagecounter=\count94

(/usr/share/texlive/texmf-dist/tex/latex/hyperref/pd1enc.def
File: pd1enc.def 2012/11/06 v6.83m Hyperref: PDFDocEncoding definition (HO)
)
\Hy@SavedSpaceFactor=\count95

(/usr/share/texlive/texmf-dist/tex/latex/latexconfig/hyperref.cfg
File: hyperref.cfg 2002/06/06 v1.2 hyperref configuration of TeXLive
)
Package hyperref Info: Hyper figures OFF on input line 4443.
Package hyperref Info: Link nesting OFF on input line 4448.
Package hyperref Info: Hyper index ON on input line 4451.
Package hyperref Info: Plain pages OFF on input line 4458.
Package hyperref Info: Backreferencing OFF on input line 4463.
Package hyperref Info: Implicit mode ON; LaTeX internals redefined.
Package hyperref Info: Bookmarks ON on input line 4688.
\c@Hy@tempcnt=\count96
LaTeX Info: Redefining \url on input line 5041.
\XeTeXLinkMargin=\dimen114
\Fld@menulength=\count97
\Field@Width=\dimen115
\Fld@charsize=\dimen116
Package hyperref Info: Hyper figures OFF on input line 6295.
Package hyperref Info: Link nesting OFF on input line 6300.
Package hyperref Info: Hyper index ON on input line 6303.
Package hyperref Info: backreferencing OFF on input line 6310.
Package hyperref Info: Link coloring OFF on input line 6315.
Package hyperref Info: Link coloring with OCG OFF on input line 6320.
Package hyperref Info: PDF/A mode OFF on input line 6325.
LaTeX Info: Redefining \ref on input line 6365.
LaTeX Info: Redefining \pageref on input line 6369.
\Hy@abspage=\count98
\c@Item=\count99
\c@Hfootnote=\count100
)

Package hyperref Message: Driver (autodetected): hpdftex.

(/usr/share/texlive/texmf-dist/tex/latex/hyperref/hpdftex.def
File: hpdftex.def 2012/11/06 v6.83m Hyperref driver for pdfTeX
\Fld@listcount=\count101
\c@bookmark@seq@number=\count102

(/usr/share/texlive/texmf-dist/tex/latex/oberdiek/rerunfilecheck.sty
Package: rerunfilecheck 2011/04/15 v1.7 Rerun checks for auxiliary files (HO)
Package uniquecounter Info: New unique counter `rerunfilecheck' on input line 2
82.
)
\Hy@SectionHShift=\skip43
)
(/usr/share/texlive/texmf-dist/tex/latex/tools/tabularx.sty
Package: tabularx 1999/01/07 v2.07 `tabularx' package (DPC)

(/usr/share/texlive/texmf-dist/tex/latex/tools/array.sty
Package: array 2008/09/09 v2.4c Tabular extension package (FMi)
\col@sep=\dimen117
\extrarowheight=\dimen118
\NC@list=\toks16
\extratabsurround=\skip44
\backup@length=\skip45
)
\TX@col@width=\dimen119
\TX@old@table=\dimen120
\TX@old@col=\dimen121
\TX@target=\dimen122
\TX@delta=\dimen123
\TX@cols=\count103
\TX@ftn=\toks17
)
(/usr/share/texlive/texmf-dist/tex/latex/graphics/lscape.sty
Package: lscape 2000/10/22 v3.01 Landscape Pages (DPC)
)
(/usr/share/texlive/texmf-dist/tex/latex/tools/longtable.sty
Package: longtable 2004/02/01 v4.11 Multi-page Table package (DPC)
\LTleft=\skip46
\LTright=\skip47
\LTpre=\skip48
\LTpost=\skip49
\LTchunksize=\count104
\LTcapwidth=\dimen124
\LT@head=\box26
\LT@firsthead=\box27
\LT@foot=\box28
\LT@lastfoot=\box29
\LT@cols=\count105
\LT@rows=\count106
\c@LT@tables=\count107
\c@LT@chunks=\count108
\LT@p@ftn=\toks18
)
(/usr/share/texlive/texmf-dist/tex/latex/float/float.sty
Package: float 2001/11/08 v1.3d Float enhancements (AL)
\c@float@type=\count109
\float@exts=\toks19
\float@box=\box30
\@float@everytoks=\toks20
\@floatcapt=\box31
)
(/usr/share/texlive/texmf-dist/tex/latex/tools/multicol.sty
Package: multicol 2011/06/27 v1.7a multicolumn formatting (FMi)
\c@tracingmulticols=\count110
\mult@box=\box32
\multicol@leftmargin=\dimen125
\c@unbalance=\count111
\c@collectmore=\count112
\doublecol@number=\count113
\multicoltolerance=\count114
\multicolpretolerance=\count115
\full@width=\dimen126
\page@free=\dimen127
\premulticols=\dimen128
\postmulticols=\dimen129
\multicolsep=\skip50
\multicolbaselineskip=\skip51
\partial@page=\box33
\last@line=\box34
\mult@rightbox=\box35
\mult@grightbox=\box36
\mult@gfirstbox=\box37
\mult@firstbox=\box38
\@tempa=\box39
\@tempa=\box40
\@tempa=\box41
\@tempa=\box42
\@tempa=\box43
\@tempa=\box44
\@tempa=\box45
\@tempa=\box46
\@tempa=\box47
\@tempa=\box48
\@tempa=\box49
\@tempa=\box50
\@tempa=\box51
\@tempa=\box52
\@tempa=\box53
\@tempa=\box54
\@tempa=\box55
\c@columnbadness=\count116
\c@finalcolumnbadness=\count117
\last@try=\dimen130
\multicolovershoot=\dimen131
\multicolundershoot=\dimen132
\mult@nat@firstbox=\box56
\colbreak@box=\box57
\multicol@sort@counter=\count118
)
(/usr/share/texlive/texmf-dist/tex/latex/graphics/color.sty
Package: color 2005/11/14 v1.0j Standard LaTeX Color (DPC)

(/usr/share/texlive/texmf-dist/tex/latex/latexconfig/color.cfg
File: color.cfg 2007/01/18 v1.5 color configuration of teTeX/TeXLive
)
Package color Info: Driver file: pdftex.def on input line 130.
)
(./rgukt-report.aux)
\openout1 = `rgukt-report.aux'.

LaTeX Font Info:    Checking defaults for OML/cmm/m/it on input line 34.
LaTeX Font Info:    ... okay on input line 34.
LaTeX Font Info:    Checking defaults for T1/cmr/m/n on input line 34.
LaTeX Font Info:    ... okay on input line 34.
LaTeX Font Info:    Checking defaults for OT1/cmr/m/n on input line 34.
LaTeX Font Info:    ... okay on input line 34.
LaTeX Font Info:    Checking defaults for OMS/cmsy/m/n on input line 34.
LaTeX Font Info:    ... okay on input line 34.
LaTeX Font Info:    Checking defaults for OMX/cmex/m/n on input line 34.
LaTeX Font Info:    ... okay on input line 34.
LaTeX Font Info:    Checking defaults for U/cmr/m/n on input line 34.
LaTeX Font Info:    ... okay on input line 34.
LaTeX Font Info:    Checking defaults for PD1/pdf/m/n on input line 34.
LaTeX Font Info:    ... okay on input line 34.

*geometry* driver: auto-detecting
*geometry* detected driver: pdftex
*geometry* verbose mode - [ preamble ] result:
* driver: pdftex
* paper: a4paper
* layout: <same size as paper>
* layoutoffset:(h,v)=(0.0pt,0.0pt)
* modes: 
* h-part:(L,W,R)=(86.72377pt, 438.51411pt, 72.26999pt)
* v-part:(T,H,B)=(72.26999pt, 700.50687pt, 72.26999pt)
* \paperwidth=597.50787pt
* \paperheight=845.04684pt
* \textwidth=438.51411pt
* \textheight=700.50687pt
* \oddsidemargin=14.45378pt
* \evensidemargin=14.45378pt
* \topmargin=-37.0pt
* \headheight=12.0pt
* \headsep=25.0pt
* \topskip=12.0pt
* \footskip=30.0pt
* \marginparwidth=44.0pt
* \marginparsep=10.0pt
* \columnsep=10.0pt
* \skip\footins=10.8pt plus 4.0pt minus 2.0pt
* \hoffset=0.0pt
* \voffset=0.0pt
* \mag=1000
* \@twocolumnfalse
* \@twosidefalse
* \@mparswitchfalse
* \@reversemarginfalse
* (1in=72.27pt=25.4mm, 1cm=28.453pt)

(/usr/share/texlive/texmf-dist/tex/context/base/supp-pdf.mkii
[Loading MPS to PDF converter (version 2006.09.02).]
\scratchcounter=\count119
\scratchdimen=\dimen133
\scratchbox=\box58
\nofMPsegments=\count120
\nofMParguments=\count121
\everyMPshowfont=\toks21
\MPscratchCnt=\count122
\MPscratchDim=\dimen134
\MPnumerator=\count123
\makeMPintoPDFobject=\count124
\everyMPtoPDFconversion=\toks22
) (/usr/share/texlive/texmf-dist/tex/latex/oberdiek/epstopdf-base.sty
Package: epstopdf-base 2010/02/09 v2.5 Base part for package epstopdf

(/usr/share/texlive/texmf-dist/tex/latex/oberdiek/grfext.sty
Package: grfext 2010/08/19 v1.1 Manage graphics extensions (HO)
)
Package grfext Info: Graphics extension search list:
(grfext)             [.png,.pdf,.jpg,.mps,.jpeg,.jbig2,.jb2,.PNG,.PDF,.JPG,.JPE
G,.JBIG2,.JB2,.eps]
(grfext)             \AppendGraphicsExtensions on input line 452.

(/usr/share/texlive/texmf-dist/tex/latex/latexconfig/epstopdf-sys.cfg
File: epstopdf-sys.cfg 2010/07/13 v1.3 Configuration of (r)epstopdf for TeX Liv
e
))
\AtBeginShipoutBox=\box59
Package hyperref Info: Link coloring OFF on input line 34.

(/usr/share/texlive/texmf-dist/tex/latex/hyperref/nameref.sty
Package: nameref 2012/10/27 v2.43 Cross-referencing by name of section

(/usr/share/texlive/texmf-dist/tex/generic/oberdiek/gettitlestring.sty
Package: gettitlestring 2010/12/03 v1.4 Cleanup title references (HO)
)
\c@section@level=\count125
)
LaTeX Info: Redefining \ref on input line 34.
LaTeX Info: Redefining \pageref on input line 34.
LaTeX Info: Redefining \nameref on input line 34.

(./rgukt-report.out) (./rgukt-report.out)
\@outlinefile=\write3
\openout3 = `rgukt-report.out'.



LaTeX Font Warning: Font shape `OT1/cmr/bx/n' in size <20> not available
(Font)              size <20.74> substituted on input line 40.

LaTeX Font Info:    Calculating math sizes for size <16> on input line 55.

LaTeX Font Warning: Font shape `OT1/cmr/m/n' in size <16> not available
(Font)              size <17.28> substituted on input line 55.


LaTeX Font Warning: Font shape `OML/cmm/m/it' in size <16> not available
(Font)              size <17.28> substituted on input line 55.


LaTeX Font Warning: Font shape `OMS/cmsy/m/n' in size <16> not available
(Font)              size <17.28> substituted on input line 55.

LaTeX Font Info:    External font `cmex10' loaded for size
(Font)              <16> on input line 55.
LaTeX Font Info:    External font `cmex10' loaded for size
(Font)              <11.19995> on input line 55.
LaTeX Font Info:    External font `cmex10' loaded for size
(Font)              <8> on input line 55.

LaTeX Font Warning: Font shape `OT1/cmr/bx/n' in size <16> not available
(Font)              size <17.28> substituted on input line 55.

<rgukt_logo.jpg, id=462, 236.885pt x 162.6075pt>
File: rgukt_logo.jpg Graphic file (type jpg)
 <use rgukt_logo.jpg>
Package pdftex.def Info: rgukt_logo.jpg used on input line 73.
(pdftex.def)             Requested size: 113.81102pt x 78.12267pt.
 [1

{/var/lib/texmf/fonts/map/pdftex/updmap/pdftex.map} <./rgukt_logo.jpg>]pdfTeX w
arning (ext4): destination with the same identifier (name{page.1}) has been alr
eady used, duplicate ignored
<to be read again> 
                   \relax 
l.88 
      [1]
LaTeX Font Info:    External font `cmex10' loaded for size
(Font)              <12> on input line 106.
LaTeX Font Info:    External font `cmex10' loaded for size
(Font)              <6> on input line 106.

Underfull \hbox (badness 10000) in paragraph at lines 106--110

 []

[2] [3] [4] [5]
Underfull \hbox (badness 10000) in paragraph at lines 188--189

 []


Underfull \hbox (badness 10000) in paragraph at lines 190--191

 []


Underfull \hbox (badness 10000) in paragraph at lines 192--193

 []


Underfull \hbox (badness 10000) in paragraph at lines 194--195

 []


Underfull \hbox (badness 10000) in paragraph at lines 196--200

 []

[6

] [7]
Missing character: There is no ‚ in font cmr12!
Missing character: There is no Ä in font cmr12!
Missing character: There is no ù in font cmr12!

Underfull \hbox (badness 10000) in paragraph at lines 208--209

 []


Underfull \hbox (badness 10000) in paragraph at lines 210--211

 []

[1

] (./rgukt-report.lof [2

]
Missing character: There is no ¬ in font cmr12!
Missing character: There is no ≠ in font cmr12!
Missing character: There is no ¬ in font cmr12!
Missing character: There is no ≠ in font cmr12!
Missing character: There is no ¬ in font cmr12!
Missing character: There is no ≠ in font cmr12!
Missing character: There is no ¬ in font cmr12!
Missing character: There is no ≠ in font cmr12!
Missing character: There is no ¬ in font cmr12!
Missing character: There is no ≠ in font cmr12!
Missing character: There is no ¬ in font cmr12!
Missing character: There is no ≠ in font cmr12!
Missing character: There is no ¬ in font cmr12!
Missing character: There is no ≠ in font cmr12!
 [3])
\tf@lof=\write4
\openout4 = `rgukt-report.lof'.

 [4] (./rgukt-report.lot)
\tf@lot=\write5
\openout5 = `rgukt-report.lot'.

 [5

]
(./rgukt-report.toc [6

] [7])
\tf@toc=\write6
\openout6 = `rgukt-report.toc'.

 [8]
Chapter 1.

Underfull \hbox (badness 10000) in paragraph at lines 234--236

 []

Missing character: There is no ‚ in font cmr12!
Missing character: There is no Ä in font cmr12!
Missing character: There is no ì in font cmr12!
LaTeX Font Info:    Try loading font information for OMS+cmr on input line 240.

(/usr/share/texlive/texmf-dist/tex/latex/base/omscmr.fd
File: omscmr.fd 1999/05/25 v2.5h Standard LaTeX font definitions
)
LaTeX Font Info:    Font shape `OMS/cmr/m/n' in size <12> not available
(Font)              Font shape `OMS/cmsy/m/n' tried instead on input line 240.
Missing character: There is no ‚ in font cmr12!
Missing character: There is no Ä in font cmr12!
Missing character: There is no ù in font cmr12!

Underfull \hbox (badness 10000) in paragraph at lines 247--254

 []


Underfull \hbox (badness 10000) in paragraph at lines 247--254

 []

pdfTeX warning (ext4): destination with the same identifier (name{page.1}) has 
been already used, duplicate ignored
<to be read again> 
                   \relax 
l.254 
       [1


]
Underfull \hbox (badness 10000) in paragraph at lines 257--261

 []

pdfTeX warning (ext4): destination with the same identifier (name{page.2}) has 
been already used, duplicate ignored
<to be read again> 
                   \relax 
l.261 
       [2]pdfTeX warning (ext4): destination with the same identifier (name{pag
e.3}) has been already used, duplicate ignored
<to be read again> 
                   \relax 
l.276 \chapter
              {Overall Description} [3pdfTeX warning (ext4): destination with t
he same identifier (name{table.1.1}) has been already used, duplicate ignored

\AtBegShi@Output ...ipout \box \AtBeginShipoutBox 
                                                  \fi \fi 
l.276 \chapter
              {Overall Description}]
Chapter 2.

Underfull \hbox (badness 10000) in paragraph at lines 278--282

 []

pdfTeX warning (ext4): destination with the same identifier (name{page.4}) has 
been already used, duplicate ignored
<to be read again> 
                   \relax 
l.300 \item Q
             uiz [4

]
Underfull \hbox (badness 10000) in paragraph at lines 315--323

 []


Underfull \hbox (badness 10000) in paragraph at lines 315--323

 []

pdfTeX warning (ext4): destination with the same identifier (name{page.5}) has 
been already used, duplicate ignored
<to be read again> 
                   \relax 
l.339 \item T
             he product must be reliable. [5]
Missing character: There is no ‚ in font cmr12!
Missing character: There is no Ä in font cmr12!
Missing character: There is no ê in font cmr12!
pdfTeX warning (ext4): destination with the same identifier (name{page.6}) has 
been already used, duplicate ignored
<to be read again> 
                   \relax 
l.347 \chapter
              {Specific Requirements} [6]
Chapter 3.

Underfull \hbox (badness 10000) in paragraph at lines 367--370

 []


Underfull \hbox (badness 10000) in paragraph at lines 367--370

 []

pdfTeX warning (ext4): destination with the same identifier (name{page.7}) has 
been already used, duplicate ignored
<to be read again> 
                   \relax 
l.373 \subsubsection
                    {Procedure} [7

] [8]
Overfull \hbox (1.05356pt too wide) in paragraph at lines 411--412
\OT1/cmr/m/n/12 per-i-ment name,class , sub-ject ,de-scrip-tion ,the-ory, pro-c
e-dure ,video URL,quiz,resources
 []

[9]
Chapter 4.
[10

]
Chapter 5.

Underfull \hbox (badness 10000) in paragraph at lines 453--459

 []


Underfull \hbox (badness 10000) in paragraph at lines 453--459

 []


Underfull \hbox (badness 10000) in paragraph at lines 460--479

 []


Underfull \hbox (badness 10000) in paragraph at lines 460--479

 []

[11

] <./iterative_waterfall_model.png, id=872, 369.38pt x 269.005pt>
File: ./iterative_waterfall_model.png Graphic file (type png)

<use ./iterative_waterfall_model.png>
Package pdftex.def Info: ./iterative_waterfall_model.png used on input line 503
.
(pdftex.def)             Requested size: 284.52756pt x 207.21246pt.
 [12] [13pdfTeX warning (ext4): destination with the same identifier (name{figu
re.5.1}) has been already used, duplicate ignored

\AtBegShi@Output ...ipout \box \AtBeginShipoutBox 
                                                  \fi \fi 
l.535 \item P
             ercentage completion of functionality could not be determined i...
 <./iterative_waterfall_model.png (PNG copy)>]
<./usecase_app.png, id=881, 983.17313pt x 722.7pt>
File: ./usecase_app.png Graphic file (type png)
 <use ./usecase_app.png>
Package pdftex.def Info: ./usecase_app.png used on input line 548.
(pdftex.def)             Requested size: 284.52756pt x 209.14755pt.

[14pdfTeX warning (ext4): destination with the same identifier (name{figure.5.2
}) has been already used, duplicate ignored

\AtBegShi@Output ...ipout \box \AtBeginShipoutBox 
                                                  \fi \fi 
l.553 
       <./usecase_app.png>]
<./use_case_web_new.png, id=886, 813.79031pt x 665.48625pt>
File: ./use_case_web_new.png Graphic file (type png)

<use ./use_case_web_new.png>
Package pdftex.def Info: ./use_case_web_new.png used on input line 557.
(pdftex.def)             Requested size: 341.42949pt x 455.24606pt.
 [15pdfTeX warning (ext4): destination with the same identifier (name{figure.5.
3}) has been already used, duplicate ignored

\AtBegShi@Output ...ipout \box \AtBeginShipoutBox 
                                                  \fi \fi 
l.562 
       <./use_case_web_new.png>]
Underfull \hbox (badness 10000) in paragraph at lines 564--698

 []


Underfull \hbox (badness 10000) in paragraph at lines 564--698

 []


Underfull \hbox (badness 10000) in paragraph at lines 564--698

 []


Underfull \hbox (badness 10000) in paragraph at lines 564--698

 []


Underfull \hbox (badness 10000) in paragraph at lines 564--698

 []


Underfull \hbox (badness 10000) in paragraph at lines 564--698

 []


Underfull \hbox (badness 10000) in paragraph at lines 564--698

 []


Underfull \hbox (badness 10000) in paragraph at lines 564--698

 []


Underfull \hbox (badness 10000) in paragraph at lines 564--698

 []


Underfull \hbox (badness 10000) in paragraph at lines 564--698

 []


Underfull \hbox (badness 10000) in paragraph at lines 564--698

 []


Underfull \hbox (badness 10000) in paragraph at lines 564--698

 []


Underfull \hbox (badness 10000) in paragraph at lines 564--698

 []


Underfull \hbox (badness 10000) in paragraph at lines 564--698

 []


Underfull \hbox (badness 10000) in paragraph at lines 564--698

 []


Underfull \hbox (badness 10000) in paragraph at lines 564--698

 []


Underfull \hbox (badness 10000) in paragraph at lines 564--698

 []

[16] [17] [18] <./activity.png, id=905, 752.8125pt x 838.13126pt>
File: ./activity.png Graphic file (type png)

<use ./activity.png>
Package pdftex.def Info: ./activity.png used on input line 710.
(pdftex.def)             Requested size: 426.79134pt x 475.16922pt.
 [19pdfTeX warning (ext4): destination with the same identifier (name{figure.5.
4}) has been already used, duplicate ignored

\AtBegShi@Output ...ipout \box \AtBeginShipoutBox 
                                                  \fi \fi 
l.715 
       <./activity.png>]
Underfull \hbox (badness 10000) in paragraph at lines 717--720

 []

<./class_all.png, id=912, 867.24pt x 1414.28375pt>
File: ./class_all.png Graphic file (type png)
 <use ./class_all.png>
Package pdftex.def Info: ./class_all.png used on input line 724.
(pdftex.def)             Requested size: 284.52756pt x 463.99599pt.

<./class_exp.png, id=913, 864.22874pt x 1126.2075pt>
File: ./class_exp.png Graphic file (type png)
 <use ./class_exp.png>
Package pdftex.def Info: ./class_exp.png used on input line 731.
(pdftex.def)             Requested size: 284.52756pt x 370.77322pt.

[20pdfTeX warning (ext4): destination with the same identifier (name{figure.5.5
}) has been already used, duplicate ignored

\AtBegShi@Output ...ipout \box \AtBeginShipoutBox 
                                                  \fi \fi 
l.734 
       <./class_all.png (PNG copy)>]
<./class_main.png, id=919, 869.2475pt x 938.50626pt>
File: ./class_main.png Graphic file (type png)
 <use ./class_main.png>
Package pdftex.def Info: ./class_main.png used on input line 738.
(pdftex.def)             Requested size: 284.52756pt x 307.20195pt.

[21pdfTeX warning (ext4): destination with the same identifier (name{figure.5.6
}) has been already used, duplicate ignored

\AtBegShi@Output ...ipout \box \AtBeginShipoutBox 
                                                  \fi \fi 
l.741 
       <./class_exp.png (PNG copy)>]
<./class_package.png, id=925, 505.89pt x 181.67876pt>
File: ./class_package.png Graphic file (type png)

<use ./class_package.png>
Package pdftex.def Info: ./class_package.png used on input line 745.
(pdftex.def)             Requested size: 284.52756pt x 102.18295pt.

<./class_quiz.png, id=926, 978.65625pt x 1757.56625pt>
File: ./class_quiz.png Graphic file (type png)
 <use ./class_quiz.png>
Package pdftex.def Info: ./class_quiz.png used on input line 752.
(pdftex.def)             Requested size: 284.52756pt x 510.99525pt.

[22pdfTeX warning (ext4): destination with the same identifier (name{figure.5.7
}) has been already used, duplicate ignored

\AtBegShi@Output ...ipout \box \AtBeginShipoutBox 
                                                  \fi \fi 
l.755 
      pdfTeX warning (ext4): destination with the same identifier (name{figure.
5.8}) has been already used, duplicate ignored

\AtBegShi@Output ...ipout \box \AtBeginShipoutBox 
                                                  \fi \fi 
l.755 
       <./class_main.png (PNG copy)> <./class_package.png (PNG copy)>]
<./class_simulation.png, id=931, 1741.50626pt x 1788.6825pt>
File: ./class_simulation.png Graphic file (type png)

<use ./class_simulation.png>
Package pdftex.def Info: ./class_simulation.png used on input line 759.
(pdftex.def)             Requested size: 284.52756pt x 292.2268pt.
 [23pdfTeX warning (ext4): destination with the same identifier (name{figure.5.
9}) has been already used, duplicate ignored

\AtBegShi@Output ...ipout \box \AtBeginShipoutBox 
                                                  \fi \fi 
l.762 
       <./class_quiz.png (PNG copy)>]
<./dfd_level0.png, id=936, 471.7625pt x 259.97125pt>
File: ./dfd_level0.png Graphic file (type png)
 <use ./dfd_level0.png>
Package pdftex.def Info: ./dfd_level0.png used on input line 768.
(pdftex.def)             Requested size: 284.52756pt x 156.79318pt.

<./dfd_level1_image1.png, id=937, 547.04375pt x 386.44376pt>
File: ./dfd_level1_image1.png Graphic file (type png)

<use ./dfd_level1_image1.png>
Package pdftex.def Info: ./dfd_level1_image1.png used on input line 775.
(pdftex.def)             Requested size: 284.52756pt x 200.99908pt.
 [24pdfTeX warning (ext4): destination with the same identifier (name{figure.5.
10}) has been already used, duplicate ignored

\AtBegShi@Output ...ipout \box \AtBeginShipoutBox 
                                                  \fi \fi 
l.778 
      pdfTeX warning (ext4): destination with the same identifier (name{figure.
5.11}) has been already used, duplicate ignored

\AtBegShi@Output ...ipout \box \AtBeginShipoutBox 
                                                  \fi \fi 
l.778 
       <./class_simulation.png (PNG copy)> <./dfd_level0.png>]
<./dfd_level1_image2.png, id=943, 566.115pt x 366.36874pt>
File: ./dfd_level1_image2.png Graphic file (type png)

<use ./dfd_level1_image2.png>
Package pdftex.def Info: ./dfd_level1_image2.png used on input line 782.
(pdftex.def)             Requested size: 284.52756pt x 184.13986pt.
 <./sequence_1.png, id=944, 562.1pt x 590.205pt>
File: ./sequence_1.png Graphic file (type png)

<use ./sequence_1.png>
Package pdftex.def Info: ./sequence_1.png used on input line 791.
(pdftex.def)             Requested size: 284.52756pt x 298.74911pt.
 [25pdfTeX warning (ext4): destination with the same identifier (name{figure.5.
12}) has been already used, duplicate ignored

\AtBegShi@Output ...ipout \box \AtBeginShipoutBox 
                                                  \fi \fi 
l.794 
      pdfTeX warning (ext4): destination with the same identifier (name{figure.
5.13}) has been already used, duplicate ignored

\AtBegShi@Output ...ipout \box \AtBeginShipoutBox 
                                                  \fi \fi 
l.794 
       <./dfd_level1_image1.png> <./dfd_level1_image2.png>]
<./sequence_2.png, id=951, 758.835pt x 644.4075pt>
File: ./sequence_2.png Graphic file (type png)
 <use ./sequence_2.png>
Package pdftex.def Info: ./sequence_2.png used on input line 798.
(pdftex.def)             Requested size: 284.52756pt x 241.62271pt.

<./er_contact.png, id=952, 542.025pt x 309.155pt>
File: ./er_contact.png Graphic file (type png)
 <use ./er_contact.png>
Package pdftex.def Info: ./er_contact.png used on input line 807.
(pdftex.def)             Requested size: 284.52756pt x 162.28993pt.

[26pdfTeX warning (ext4): destination with the same identifier (name{figure.5.1
4}) has been already used, duplicate ignored

\AtBegShi@Output ...ipout \box \AtBeginShipoutBox 
                                                  \fi \fi 
l.810 
      pdfTeX warning (ext4): destination with the same identifier (name{figure.
5.15}) has been already used, duplicate ignored

\AtBegShi@Output ...ipout \box \AtBeginShipoutBox 
                                                  \fi \fi 
l.810 
       <./sequence_1.png> <./sequence_2.png>]
<./er_contributer.png, id=958, 519.9425pt x 336.25626pt>
File: ./er_contributer.png Graphic file (type png)

<use ./er_contributer.png>
Package pdftex.def Info: ./er_contributer.png used on input line 814.
(pdftex.def)             Requested size: 284.52756pt x 184.00769pt.

<./er_experiment.png, id=959, 528.97626pt x 443.6575pt>
File: ./er_experiment.png Graphic file (type png)

<use ./er_experiment.png>
Package pdftex.def Info: ./er_experiment.png used on input line 821.
(pdftex.def)             Requested size: 284.52756pt x 238.63725pt.
 [27pdfTeX warning (ext4): destination with the same identifier (name{figure.5.
16}) has been already used, duplicate ignored

\AtBegShi@Output ...ipout \box \AtBeginShipoutBox 
                                                  \fi \fi 
l.824 
      pdfTeX warning (ext4): destination with the same identifier (name{figure.
5.17}) has been already used, duplicate ignored

\AtBegShi@Output ...ipout \box \AtBeginShipoutBox 
                                                  \fi \fi 
l.824 
       <./er_contact.png> <./er_contributer.png>]
<./er_reviewer.png, id=965, 500.87125pt x 364.36125pt>
File: ./er_reviewer.png Graphic file (type png)
 <use ./er_reviewer.png>
Package pdftex.def Info: ./er_reviewer.png used on input line 828.
(pdftex.def)             Requested size: 284.52756pt x 206.98753pt.

[28pdfTeX warning (ext4): destination with the same identifier (name{figure.5.1
8}) has been already used, duplicate ignored

\AtBegShi@Output ...ipout \box \AtBeginShipoutBox 
                                                  \fi \fi 
l.832 \chapter
              {Testing}pdfTeX warning (ext4): destination with the same identif
ier (name{figure.5.19}) has been already used, duplicate ignored

\AtBegShi@Output ...ipout \box \AtBeginShipoutBox 
                                                  \fi \fi 
l.832 \chapter
              {Testing} <./er_experiment.png> <./er_reviewer.png>]
Chapter 6.

Underfull \hbox (badness 10000) in paragraph at lines 863--881

 []


Underfull \hbox (badness 10000) in paragraph at lines 863--881

 []

[29

]
Underfull \hbox (badness 10000) in paragraph at lines 883--894

 []

[30]
Chapter 7.
[31

] [32] [33] <./1.png, id=991, 803.0pt x 481.8pt>
File: ./1.png Graphic file (type png)
 <use ./1.png>
Package pdftex.def Info: ./1.png used on input line 1012.
(pdftex.def)             Requested size: 426.79134pt x 256.0806pt.
 [34pdfTeX warning (ext4): destination with the same identifier (name{figure.7.
1}) has been already used, duplicate ignored

\AtBegShi@Output ...ipout \box \AtBeginShipoutBox 
                                                  \fi \fi 
l.1017 \begin
             {figure}[H] <./1.png (PNG copy)>]
<./2.png, id=996, 803.0pt x 481.8pt>
File: ./2.png Graphic file (type png)
 <use ./2.png>
Package pdftex.def Info: ./2.png used on input line 1019.
(pdftex.def)             Requested size: 426.79134pt x 256.0806pt.

<./3.png, id=997, 803.0pt x 481.8pt>
File: ./3.png Graphic file (type png)
 <use ./3.png>
Package pdftex.def Info: ./3.png used on input line 1025.
(pdftex.def)             Requested size: 426.79134pt x 256.0806pt.

<./4.png, id=998, 803.0pt x 481.8pt>
File: ./4.png Graphic file (type png)
 <use ./4.png>
Package pdftex.def Info: ./4.png used on input line 1031.
(pdftex.def)             Requested size: 426.79134pt x 256.0806pt.
 [35pdfTeX warning (ext4): destination with the same identifier (name{figure.7.
2}) has been already used, duplicate ignored

\AtBegShi@Output ...ipout \box \AtBeginShipoutBox 
                                                  \fi \fi 
l.1034 
       pdfTeX warning (ext4): destination with the same identifier (name{figure
.7.3}) has been already used, duplicate ignored

\AtBegShi@Output ...ipout \box \AtBeginShipoutBox 
                                                  \fi \fi 
l.1034 
        <./2.png (PNG copy)> <./3.png (PNG copy)>]
<./5.png, id=1003, 803.0pt x 481.8pt>
File: ./5.png Graphic file (type png)
 <use ./5.png>
Package pdftex.def Info: ./5.png used on input line 1037.
(pdftex.def)             Requested size: 426.79134pt x 256.0806pt.

<./6.png, id=1004, 803.0pt x 481.8pt>
File: ./6.png Graphic file (type png)
 <use ./6.png>
Package pdftex.def Info: ./6.png used on input line 1043.
(pdftex.def)             Requested size: 426.79134pt x 256.0806pt.
 [36pdfTeX warning (ext4): destination with the same identifier (name{figure.7.
4}) has been already used, duplicate ignored

\AtBegShi@Output ...ipout \box \AtBeginShipoutBox 
                                                  \fi \fi 
l.1046 
       pdfTeX warning (ext4): destination with the same identifier (name{figure
.7.5}) has been already used, duplicate ignored

\AtBegShi@Output ...ipout \box \AtBeginShipoutBox 
                                                  \fi \fi 
l.1046 
        <./4.png (PNG copy)> <./5.png (PNG copy)>]
<./7.png, id=1009, 803.0pt x 481.8pt>
File: ./7.png Graphic file (type png)
 <use ./7.png>
Package pdftex.def Info: ./7.png used on input line 1049.
(pdftex.def)             Requested size: 426.79134pt x 256.0806pt.

<./8.png, id=1010, 803.0pt x 481.8pt>
File: ./8.png Graphic file (type png)
 <use ./8.png>
Package pdftex.def Info: ./8.png used on input line 1055.
(pdftex.def)             Requested size: 426.79134pt x 256.0806pt.
 [37pdfTeX warning (ext4): destination with the same identifier (name{figure.7.
6}) has been already used, duplicate ignored

\AtBegShi@Output ...ipout \box \AtBeginShipoutBox 
                                                  \fi \fi 
l.1058 
       pdfTeX warning (ext4): destination with the same identifier (name{figure
.7.7}) has been already used, duplicate ignored

\AtBegShi@Output ...ipout \box \AtBeginShipoutBox 
                                                  \fi \fi 
l.1058 
        <./6.png (PNG copy)> <./7.png (PNG copy)>]
<./11.png, id=1016, 803.0pt x 481.8pt>
File: ./11.png Graphic file (type png)
 <use ./11.png>
Package pdftex.def Info: ./11.png used on input line 1061.
(pdftex.def)             Requested size: 426.79134pt x 256.0806pt.

<./12.png, id=1017, 803.0pt x 481.8pt>
File: ./12.png Graphic file (type png)
 <use ./12.png>
Package pdftex.def Info: ./12.png used on input line 1067.
(pdftex.def)             Requested size: 426.79134pt x 256.0806pt.
 [38pdfTeX warning (ext4): destination with the same identifier (name{figure.7.
8}) has been already used, duplicate ignored

\AtBegShi@Output ...ipout \box \AtBeginShipoutBox 
                                                  \fi \fi 
l.1070 
       pdfTeX warning (ext4): destination with the same identifier (name{figure
.7.9}) has been already used, duplicate ignored

\AtBegShi@Output ...ipout \box \AtBeginShipoutBox 
                                                  \fi \fi 
l.1070 
        <./8.png (PNG copy)> <./11.png (PNG copy)>]
<./13.png, id=1022, 803.0pt x 481.8pt>
File: ./13.png Graphic file (type png)
 <use ./13.png>
Package pdftex.def Info: ./13.png used on input line 1073.
(pdftex.def)             Requested size: 426.79134pt x 256.0806pt.

<./14.png, id=1023, 803.0pt x 481.8pt>
File: ./14.png Graphic file (type png)
 <use ./14.png>
Package pdftex.def Info: ./14.png used on input line 1079.
(pdftex.def)             Requested size: 426.79134pt x 256.0806pt.
 [39pdfTeX warning (ext4): destination with the same identifier (name{figure.7.
10}) has been already used, duplicate ignored

\AtBegShi@Output ...ipout \box \AtBeginShipoutBox 
                                                  \fi \fi 
l.1082 
       pdfTeX warning (ext4): destination with the same identifier (name{figure
.7.11}) has been already used, duplicate ignored

\AtBegShi@Output ...ipout \box \AtBeginShipoutBox 
                                                  \fi \fi 
l.1082 
        <./12.png (PNG copy)> <./13.png (PNG copy)>]
<./16.png, id=1029, 803.0pt x 481.8pt>
File: ./16.png Graphic file (type png)
 <use ./16.png>
Package pdftex.def Info: ./16.png used on input line 1085.
(pdftex.def)             Requested size: 426.79134pt x 256.0806pt.

<./17.png, id=1030, 803.0pt x 481.8pt>
File: ./17.png Graphic file (type png)
 <use ./17.png>
Package pdftex.def Info: ./17.png used on input line 1092.
(pdftex.def)             Requested size: 426.79134pt x 256.0806pt.
 [40pdfTeX warning (ext4): destination with the same identifier (name{figure.7.
12}) has been already used, duplicate ignored

\AtBegShi@Output ...ipout \box \AtBeginShipoutBox 
                                                  \fi \fi 
l.1095 
       pdfTeX warning (ext4): destination with the same identifier (name{figure
.7.13}) has been already used, duplicate ignored

\AtBegShi@Output ...ipout \box \AtBeginShipoutBox 
                                                  \fi \fi 
l.1095 
        <./14.png (PNG copy)> <./16.png (PNG copy)>]
<./18.png, id=1035, 803.0pt x 481.8pt>
File: ./18.png Graphic file (type png)
 <use ./18.png>
Package pdftex.def Info: ./18.png used on input line 1099.
(pdftex.def)             Requested size: 426.79134pt x 256.0806pt.

<./20.png, id=1036, 803.0pt x 481.8pt>
File: ./20.png Graphic file (type png)
 <use ./20.png>
Package pdftex.def Info: ./20.png used on input line 1105.
(pdftex.def)             Requested size: 426.79134pt x 256.0806pt.
 [41pdfTeX warning (ext4): destination with the same identifier (name{figure.7.
14}) has been already used, duplicate ignored

\AtBegShi@Output ...ipout \box \AtBeginShipoutBox 
                                                  \fi \fi 
l.1108 
       pdfTeX warning (ext4): destination with the same identifier (name{figure
.7.15}) has been already used, duplicate ignored

\AtBegShi@Output ...ipout \box \AtBeginShipoutBox 
                                                  \fi \fi 
l.1108 
        <./17.png (PNG copy)> <./18.png (PNG copy)>]
<./22.png, id=1041, 803.0pt x 481.8pt>
File: ./22.png Graphic file (type png)
 <use ./22.png>
Package pdftex.def Info: ./22.png used on input line 1111.
(pdftex.def)             Requested size: 426.79134pt x 256.0806pt.

<./24.png, id=1042, 803.0pt x 481.8pt>
File: ./24.png Graphic file (type png)
 <use ./24.png>
Package pdftex.def Info: ./24.png used on input line 1119.
(pdftex.def)             Requested size: 426.79134pt x 256.0806pt.
 [42pdfTeX warning (ext4): destination with the same identifier (name{figure.7.
16}) has been already used, duplicate ignored

\AtBegShi@Output ...ipout \box \AtBeginShipoutBox 
                                                  \fi \fi 
l.1122 
       pdfTeX warning (ext4): destination with the same identifier (name{figure
.7.17}) has been already used, duplicate ignored

\AtBegShi@Output ...ipout \box \AtBeginShipoutBox 
                                                  \fi \fi 
l.1122 
        <./20.png (PNG copy)> <./22.png (PNG copy)>]
<./25.png, id=1047, 803.0pt x 481.8pt>
File: ./25.png Graphic file (type png)
 <use ./25.png>
Package pdftex.def Info: ./25.png used on input line 1125.
(pdftex.def)             Requested size: 426.79134pt x 256.0806pt.

<./27.png, id=1048, 803.0pt x 481.8pt>
File: ./27.png Graphic file (type png)
 <use ./27.png>
Package pdftex.def Info: ./27.png used on input line 1133.
(pdftex.def)             Requested size: 426.79134pt x 256.0806pt.
 [43pdfTeX warning (ext4): destination with the same identifier (name{figure.7.
18}) has been already used, duplicate ignored

\AtBegShi@Output ...ipout \box \AtBeginShipoutBox 
                                                  \fi \fi 
l.1136 
       pdfTeX warning (ext4): destination with the same identifier (name{figure
.7.19}) has been already used, duplicate ignored

\AtBegShi@Output ...ipout \box \AtBeginShipoutBox 
                                                  \fi \fi 
l.1136 
        <./24.png (PNG copy)> <./25.png (PNG copy)>]
<./28.png, id=1053, 803.0pt x 481.8pt>
File: ./28.png Graphic file (type png)
 <use ./28.png>
Package pdftex.def Info: ./28.png used on input line 1139.
(pdftex.def)             Requested size: 426.79134pt x 256.0806pt.

<./29.png, id=1054, 803.0pt x 481.8pt>
File: ./29.png Graphic file (type png)
 <use ./29.png>
Package pdftex.def Info: ./29.png used on input line 1145.
(pdftex.def)             Requested size: 426.79134pt x 256.0806pt.
 [44pdfTeX warning (ext4): destination with the same identifier (name{figure.7.
20}) has been already used, duplicate ignored

\AtBegShi@Output ...ipout \box \AtBeginShipoutBox 
                                                  \fi \fi 
l.1148 
       pdfTeX warning (ext4): destination with the same identifier (name{figure
.7.21}) has been already used, duplicate ignored

\AtBegShi@Output ...ipout \box \AtBeginShipoutBox 
                                                  \fi \fi 
l.1148 
        <./27.png (PNG copy)> <./28.png (PNG copy)>]
<./30.png, id=1059, 803.0pt x 481.8pt>
File: ./30.png Graphic file (type png)
 <use ./30.png>
Package pdftex.def Info: ./30.png used on input line 1151.
(pdftex.def)             Requested size: 426.79134pt x 256.0806pt.

<./31.png, id=1060, 803.0pt x 481.8pt>
File: ./31.png Graphic file (type png)
 <use ./31.png>
Package pdftex.def Info: ./31.png used on input line 1157.
(pdftex.def)             Requested size: 426.79134pt x 256.0806pt.
 [45pdfTeX warning (ext4): destination with the same identifier (name{figure.7.
22}) has been already used, duplicate ignored

\AtBegShi@Output ...ipout \box \AtBeginShipoutBox 
                                                  \fi \fi 
l.1160 
       pdfTeX warning (ext4): destination with the same identifier (name{figure
.7.23}) has been already used, duplicate ignored

\AtBegShi@Output ...ipout \box \AtBeginShipoutBox 
                                                  \fi \fi 
l.1160 
        <./29.png (PNG copy)> <./30.png (PNG copy)>]
<./32.png, id=1066, 803.0pt x 481.8pt>
File: ./32.png Graphic file (type png)
 <use ./32.png>
Package pdftex.def Info: ./32.png used on input line 1163.
(pdftex.def)             Requested size: 426.79134pt x 256.0806pt.

<./33.png, id=1067, 803.0pt x 481.8pt>
File: ./33.png Graphic file (type png)
 <use ./33.png>
Package pdftex.def Info: ./33.png used on input line 1169.
(pdftex.def)             Requested size: 426.79134pt x 256.0806pt.
 [46pdfTeX warning (ext4): destination with the same identifier (name{figure.7.
24}) has been already used, duplicate ignored

\AtBegShi@Output ...ipout \box \AtBeginShipoutBox 
                                                  \fi \fi 
l.1172 
       pdfTeX warning (ext4): destination with the same identifier (name{figure
.7.25}) has been already used, duplicate ignored

\AtBegShi@Output ...ipout \box \AtBeginShipoutBox 
                                                  \fi \fi 
l.1172 
        <./31.png (PNG copy)> <./32.png (PNG copy)>]
<./37.png, id=1072, 803.0pt x 481.8pt>
File: ./37.png Graphic file (type png)
 <use ./37.png>
Package pdftex.def Info: ./37.png used on input line 1176.
(pdftex.def)             Requested size: 426.79134pt x 256.0806pt.

<./34.png, id=1073, 803.0pt x 481.8pt>
File: ./34.png Graphic file (type png)
 <use ./34.png>
Package pdftex.def Info: ./34.png used on input line 1182.
(pdftex.def)             Requested size: 426.79134pt x 256.0806pt.
 [47pdfTeX warning (ext4): destination with the same identifier (name{figure.7.
26}) has been already used, duplicate ignored

\AtBegShi@Output ...ipout \box \AtBeginShipoutBox 
                                                  \fi \fi 
l.1185 
       pdfTeX warning (ext4): destination with the same identifier (name{figure
.7.27}) has been already used, duplicate ignored

\AtBegShi@Output ...ipout \box \AtBeginShipoutBox 
                                                  \fi \fi 
l.1185 
        <./33.png (PNG copy)> <./37.png (PNG copy)>]
<./35.png, id=1078, 803.0pt x 481.8pt>
File: ./35.png Graphic file (type png)
 <use ./35.png>
Package pdftex.def Info: ./35.png used on input line 1188.
(pdftex.def)             Requested size: 426.79134pt x 256.0806pt.

<./36.png, id=1079, 803.0pt x 481.8pt>
File: ./36.png Graphic file (type png)
 <use ./36.png>
Package pdftex.def Info: ./36.png used on input line 1194.
(pdftex.def)             Requested size: 426.79134pt x 256.0806pt.
 [48pdfTeX warning (ext4): destination with the same identifier (name{figure.7.
28}) has been already used, duplicate ignored

\AtBegShi@Output ...ipout \box \AtBeginShipoutBox 
                                                  \fi \fi 
l.1197 
       pdfTeX warning (ext4): destination with the same identifier (name{figure
.7.29}) has been already used, duplicate ignored

\AtBegShi@Output ...ipout \box \AtBeginShipoutBox 
                                                  \fi \fi 
l.1197 
        <./34.png (PNG copy)> <./35.png (PNG copy)>]
<./38.png, id=1084, 803.0pt x 481.8pt>
File: ./38.png Graphic file (type png)
 <use ./38.png>
Package pdftex.def Info: ./38.png used on input line 1200.
(pdftex.def)             Requested size: 426.79134pt x 256.0806pt.

<./37_1.png, id=1085, 803.0pt x 481.8pt>
File: ./37_1.png Graphic file (type png)
 <use ./37_1.png>
Package pdftex.def Info: ./37_1.png used on input line 1207.
(pdftex.def)             Requested size: 426.79134pt x 256.0806pt.
 [49pdfTeX warning (ext4): destination with the same identifier (name{figure.7.
30}) has been already used, duplicate ignored

\AtBegShi@Output ...ipout \box \AtBeginShipoutBox 
                                                  \fi \fi 
l.1210 
       pdfTeX warning (ext4): destination with the same identifier (name{figure
.7.31}) has been already used, duplicate ignored

\AtBegShi@Output ...ipout \box \AtBeginShipoutBox 
                                                  \fi \fi 
l.1210 
        <./36.png (PNG copy)> <./38.png (PNG copy)>]
<./40.png, id=1090, 803.0pt x 481.8pt>
File: ./40.png Graphic file (type png)
 <use ./40.png>
Package pdftex.def Info: ./40.png used on input line 1215.
(pdftex.def)             Requested size: 426.79134pt x 256.0806pt.
 [50pdfTeX warning (ext4): destination with the same identifier (name{figure.7.
32}) has been already used, duplicate ignored

\AtBegShi@Output ...ipout \box \AtBeginShipoutBox 
                                                  \fi \fi 
l.1220 
       pdfTeX warning (ext4): destination with the same identifier (name{figure
.7.33}) has been already used, duplicate ignored

\AtBegShi@Output ...ipout \box \AtBeginShipoutBox 
                                                  \fi \fi 
l.1220 
        <./37_1.png (PNG copy)> <./40.png (PNG copy)>]
Underfull \hbox (badness 10000) in paragraph at lines 1241--1250

 []


Underfull \hbox (badness 10000) in paragraph at lines 1264--1265

 []

Missing character: There is no ¬ in font cmr12!
Missing character: There is no ≠ in font cmr12!

Overfull \hbox (19.19641pt too wide) in paragraph at lines 1271--1272
[]\OT1/cmr/m/n/12 If the ap-pli-ca-tion is in Con-tin-u-ous Mode  It will play 
the whole an-i-ma-tion/experiment
 []

[51]
Missing character: There is no ¬ in font cmr12!
Missing character: There is no ≠ in font cmr12!
Missing character: There is no ¬ in font cmr12!
Missing character: There is no ≠ in font cmr12!
Missing character: There is no ¬ in font cmr12!
Missing character: There is no ≠ in font cmr12!
 <./101.png, id=1100, 803.0pt x 481.8pt>
File: ./101.png Graphic file (type png)
 <use ./101.png>
Package pdftex.def Info: ./101.png used on input line 1298.
(pdftex.def)             Requested size: 426.79134pt x 256.0806pt.
 [52]
<./102.png, id=1105, 803.0pt x 481.8pt>
File: ./102.png Graphic file (type png)
 <use ./102.png>
Package pdftex.def Info: ./102.png used on input line 1304.
(pdftex.def)             Requested size: 426.79134pt x 256.0806pt.
Missing character: There is no ¬ in font cmr12!
Missing character: There is no ≠ in font cmr12!
Missing character: There is no ¬ in font cmr12!
Missing character: There is no ≠ in font cmr12!
Missing character: There is no ¬ in font cmr12!
Missing character: There is no ≠ in font cmr12!
Missing character: There is no ¬ in font cmr12!
Missing character: There is no ≠ in font cmr12!

<./103.png, id=1106, 803.0pt x 481.8pt>
File: ./103.png Graphic file (type png)
 <use ./103.png>
Package pdftex.def Info: ./103.png used on input line 1311.
(pdftex.def)             Requested size: 426.79134pt x 256.0806pt.
Missing character: There is no ¬ in font cmr12!
Missing character: There is no ≠ in font cmr12!
 [53pdfTeX warning (ext4): destination with the same identifier (name{figure.7.
34}) has been already used, duplicate ignored

\AtBegShi@Output ...ipout \box \AtBeginShipoutBox 
                                                  \fi \fi 
l.1314 
       pdfTeX warning (ext4): destination with the same identifier (name{figure
.7.35}) has been already used, duplicate ignored

\AtBegShi@Output ...ipout \box \AtBeginShipoutBox 
                                                  \fi \fi 
l.1314 
        <./101.png (PNG copy)> <./102.png (PNG copy)>]
<./104.png, id=1111, 803.0pt x 481.8pt>
File: ./104.png Graphic file (type png)
 <use ./104.png>
Package pdftex.def Info: ./104.png used on input line 1317.
(pdftex.def)             Requested size: 426.79134pt x 256.0806pt.

<./106.png, id=1112, 803.0pt x 481.8pt>
File: ./106.png Graphic file (type png)
 <use ./106.png>
Package pdftex.def Info: ./106.png used on input line 1323.
(pdftex.def)             Requested size: 426.79134pt x 256.0806pt.
Missing character: There is no ¬ in font cmr12!
Missing character: There is no ≠ in font cmr12!
Missing character: There is no ¬ in font cmr12!
Missing character: There is no ≠ in font cmr12!
 [54pdfTeX warning (ext4): destination with the same identifier (name{figure.7.
36}) has been already used, duplicate ignored

\AtBegShi@Output ...ipout \box \AtBeginShipoutBox 
                                                  \fi \fi 
l.1326 
       pdfTeX warning (ext4): destination with the same identifier (name{figure
.7.37}) has been already used, duplicate ignored

\AtBegShi@Output ...ipout \box \AtBeginShipoutBox 
                                                  \fi \fi 
l.1326 
        <./103.png (PNG copy)> <./104.png (PNG copy)>]
<./107.png, id=1117, 803.0pt x 481.8pt>
File: ./107.png Graphic file (type png)
 <use ./107.png>
Package pdftex.def Info: ./107.png used on input line 1329.
(pdftex.def)             Requested size: 426.79134pt x 256.0806pt.
Missing character: There is no ¬ in font cmr12!
Missing character: There is no ≠ in font cmr12!
Missing character: There is no ¬ in font cmr12!
Missing character: There is no ≠ in font cmr12!

<./108.png, id=1118, 803.0pt x 481.8pt>
File: ./108.png Graphic file (type png)
 <use ./108.png>
Package pdftex.def Info: ./108.png used on input line 1335.
(pdftex.def)             Requested size: 426.79134pt x 256.0806pt.
Missing character: There is no ¬ in font cmr12!
Missing character: There is no ≠ in font cmr12!
Missing character: There is no ¬ in font cmr12!
Missing character: There is no ≠ in font cmr12!
 [55pdfTeX warning (ext4): destination with the same identifier (name{figure.7.
38}) has been already used, duplicate ignored

\AtBegShi@Output ...ipout \box \AtBeginShipoutBox 
                                                  \fi \fi 
l.1338 
       pdfTeX warning (ext4): destination with the same identifier (name{figure
.7.39}) has been already used, duplicate ignored

\AtBegShi@Output ...ipout \box \AtBeginShipoutBox 
                                                  \fi \fi 
l.1338 
        <./106.png (PNG copy)> <./107.png (PNG copy)>]
<./109.png, id=1123, 803.0pt x 481.8pt>
File: ./109.png Graphic file (type png)
 <use ./109.png>
Package pdftex.def Info: ./109.png used on input line 1341.
(pdftex.def)             Requested size: 426.79134pt x 256.0806pt.
Missing character: There is no ¬ in font cmr12!
Missing character: There is no ≠ in font cmr12!
Missing character: There is no ¬ in font cmr12!
Missing character: There is no ≠ in font cmr12!

<./110.png, id=1124, 803.0pt x 481.8pt>
File: ./110.png Graphic file (type png)
 <use ./110.png>
Package pdftex.def Info: ./110.png used on input line 1347.
(pdftex.def)             Requested size: 426.79134pt x 256.0806pt.
 [56pdfTeX warning (ext4): destination with the same identifier (name{figure.7.
40}) has been already used, duplicate ignored

\AtBegShi@Output ...ipout \box \AtBeginShipoutBox 
                                                  \fi \fi 
l.1350 
       pdfTeX warning (ext4): destination with the same identifier (name{figure
.7.41}) has been already used, duplicate ignored

\AtBegShi@Output ...ipout \box \AtBeginShipoutBox 
                                                  \fi \fi 
l.1350 
        <./108.png (PNG copy)> <./109.png (PNG copy)>] [57pdfTeX warning (ext4)
: destination with the same identifier (name{figure.7.42}) has been already use
d, duplicate ignored

\AtBegShi@Output ...ipout \box \AtBeginShipoutBox 
                                                  \fi \fi 
l.1351 \chapter
               {User Manual - Web Portal} <./110.png (PNG copy)>]
Chapter 8.

Underfull \hbox (badness 10000) in paragraph at lines 1355--1358

 []

[58

]
Missing character: There is no ‚ in font cmr12!
Missing character: There is no Ä in font cmr12!
Missing character: There is no ô in font cmr12!
Missing character: There is no ‚ in font cmr12!
Missing character: There is no Ä in font cmr12!
Missing character: There is no ô in font cmr12!

Underfull \hbox (badness 10000) in paragraph at lines 1392--1403

 []


Underfull \hbox (badness 10000) in paragraph at lines 1392--1403

 []


Underfull \hbox (badness 10000) in paragraph at lines 1392--1403

 []


Underfull \hbox (badness 10000) in paragraph at lines 1392--1403

 []


Underfull \hbox (badness 10000) in paragraph at lines 1392--1403

 []


Underfull \hbox (badness 10000) in paragraph at lines 1392--1403

 []


Underfull \hbox (badness 10000) in paragraph at lines 1392--1403

 []

Missing character: There is no ‚ in font cmr12!
Missing character: There is no Ä in font cmr12!
Missing character: There is no ô in font cmr12!

Underfull \hbox (badness 10000) in paragraph at lines 1404--1405

 []

[59] [60]
Missing character: There is no ‚ in font cmr12!
Missing character: There is no Ä in font cmr12!
Missing character: There is no ô in font cmr12!
 [61]
Underfull \hbox (badness 10000) in paragraph at lines 1518--1521

 []

[62] <./301.jpg, id=1155, 1371.1225pt x 770.88pt>
File: ./301.jpg Graphic file (type jpg)
 <use ./301.jpg>
Package pdftex.def Info: ./301.jpg used on input line 1526.
(pdftex.def)             Requested size: 426.78008pt x 284.52715pt.

<./302.jpg, id=1156, 1371.1225pt x 770.88pt>
File: ./302.jpg Graphic file (type jpg)
 <use ./302.jpg>
Package pdftex.def Info: ./302.jpg used on input line 1531.
(pdftex.def)             Requested size: 426.78008pt x 284.52715pt.

<./303.jpg, id=1157, 1371.1225pt x 770.88pt>
File: ./303.jpg Graphic file (type jpg)
 <use ./303.jpg>
Package pdftex.def Info: ./303.jpg used on input line 1536.
(pdftex.def)             Requested size: 426.78008pt x 284.52715pt.

<./304.jpg, id=1158, 1015.54407pt x 488.57532pt>
File: ./304.jpg Graphic file (type jpg)
 <use ./304.jpg>
Package pdftex.def Info: ./304.jpg used on input line 1541.
(pdftex.def)             Requested size: 426.78903pt x 284.52942pt.
 [63pdfTeX warning (ext4): destination with the same identifier (name{figure.8.
1}) has been already used, duplicate ignored

\AtBegShi@Output ...ipout \box \AtBeginShipoutBox 
                                                  \fi \fi 
l.1543 \end{figure}
                   pdfTeX warning (ext4): destination with the same identifier 
(name{figure.8.2}) has been already used, duplicate ignored

\AtBegShi@Output ...ipout \box \AtBeginShipoutBox 
                                                  \fi \fi 
l.1543 \end{figure}
                    <./301.jpg> <./302.jpg>]
<./305.jpg, id=1164, 1014.79124pt x 493.0922pt>
File: ./305.jpg Graphic file (type jpg)
 <use ./305.jpg>
Package pdftex.def Info: ./305.jpg used on input line 1546.
(pdftex.def)             Requested size: 426.78235pt x 284.54153pt.

<./306.jpg, id=1165, 1014.03844pt x 493.845pt>
File: ./306.jpg Graphic file (type jpg)
 <use ./306.jpg>
Package pdftex.def Info: ./306.jpg used on input line 1551.
(pdftex.def)             Requested size: 426.79068pt x 284.52382pt.
 [64pdfTeX warning (ext4): destination with the same identifier (name{figure.8.
3}) has been already used, duplicate ignored

\AtBegShi@Output ...ipout \box \AtBeginShipoutBox 
                                                  \fi \fi 
l.1553 \end{figure}
                   pdfTeX warning (ext4): destination with the same identifier 
(name{figure.8.4}) has been already used, duplicate ignored

\AtBegShi@Output ...ipout \box \AtBeginShipoutBox 
                                                  \fi \fi 
l.1553 \end{figure}
                    <./303.jpg> <./304.jpg>]
<./307.jpg, id=1171, 1015.54407pt x 492.33937pt>
File: ./307.jpg Graphic file (type jpg)
 <use ./307.jpg>
Package pdftex.def Info: ./307.jpg used on input line 1556.
(pdftex.def)             Requested size: 426.78903pt x 284.53532pt.

<./308.jpg, id=1172, 1371.1225pt x 770.88pt>
File: ./308.jpg Graphic file (type jpg)
 <use ./308.jpg>
Package pdftex.def Info: ./308.jpg used on input line 1561.
(pdftex.def)             Requested size: 426.78008pt x 284.52715pt.
 [65pdfTeX warning (ext4): destination with the same identifier (name{figure.8.
5}) has been already used, duplicate ignored

\AtBegShi@Output ...ipout \box \AtBeginShipoutBox 
                                                  \fi \fi 
l.1563 \end{figure}
                   pdfTeX warning (ext4): destination with the same identifier 
(name{figure.8.6}) has been already used, duplicate ignored

\AtBegShi@Output ...ipout \box \AtBeginShipoutBox 
                                                  \fi \fi 
l.1563 \end{figure}
                    <./305.jpg> <./306.jpg>]
<./309.jpg, id=1179, 1028.34187pt x 578.16pt>
File: ./309.jpg Graphic file (type jpg)
 <use ./309.jpg>
Package pdftex.def Info: ./309.jpg used on input line 1566.
(pdftex.def)             Requested size: 426.801pt x 284.52713pt.

<./310.jpg, id=1180, 1028.34187pt x 578.16pt>
File: ./310.jpg Graphic file (type jpg)
 <use ./310.jpg>
Package pdftex.def Info: ./310.jpg used on input line 1571.
(pdftex.def)             Requested size: 426.801pt x 284.52713pt.
 [66pdfTeX warning (ext4): destination with the same identifier (name{figure.8.
7}) has been already used, duplicate ignored

\AtBegShi@Output ...ipout \box \AtBeginShipoutBox 
                                                  \fi \fi 
l.1573 \end{figure}
                   pdfTeX warning (ext4): destination with the same identifier 
(name{figure.8.8}) has been already used, duplicate ignored

\AtBegShi@Output ...ipout \box \AtBeginShipoutBox 
                                                  \fi \fi 
l.1573 \end{figure}
                    <./307.jpg> <./308.jpg>]
<./311.jpg, id=1186, 1028.34187pt x 578.16pt>
File: ./311.jpg Graphic file (type jpg)
 <use ./311.jpg>
Package pdftex.def Info: ./311.jpg used on input line 1576.
(pdftex.def)             Requested size: 426.801pt x 284.52713pt.

<./312.jpg, id=1187, 1028.34187pt x 578.16pt>
File: ./312.jpg Graphic file (type jpg)
 <use ./312.jpg>
Package pdftex.def Info: ./312.jpg used on input line 1581.
(pdftex.def)             Requested size: 426.801pt x 284.52713pt.
 [67pdfTeX warning (ext4): destination with the same identifier (name{figure.8.
9}) has been already used, duplicate ignored

\AtBegShi@Output ...ipout \box \AtBeginShipoutBox 
                                                  \fi \fi 
l.1583 \end{figure}
                   pdfTeX warning (ext4): destination with the same identifier 
(name{figure.8.10}) has been already used, duplicate ignored

\AtBegShi@Output ...ipout \box \AtBeginShipoutBox 
                                                  \fi \fi 
l.1583 \end{figure}
                    <./309.jpg> <./310.jpg>]
<./313.jpg, id=1192, 1014.79124pt x 493.845pt>
File: ./313.jpg Graphic file (type jpg)
 <use ./313.jpg>
Package pdftex.def Info: ./313.jpg used on input line 1586.
(pdftex.def)             Requested size: 426.78235pt x 284.52382pt.

<./314.jpg, id=1193, 1016.29688pt x 489.32813pt>
File: ./314.jpg Graphic file (type jpg)
 <use ./314.jpg>
Package pdftex.def Info: ./314.jpg used on input line 1591.
(pdftex.def)             Requested size: 426.79526pt x 284.53476pt.
 [68pdfTeX warning (ext4): destination with the same identifier (name{figure.8.
11}) has been already used, duplicate ignored

\AtBegShi@Output ...ipout \box \AtBeginShipoutBox 
                                                  \fi \fi 
l.1593 \end{figure}
                   pdfTeX warning (ext4): destination with the same identifier 
(name{figure.8.12}) has been already used, duplicate ignored

\AtBegShi@Output ...ipout \box \AtBeginShipoutBox 
                                                  \fi \fi 
l.1593 \end{figure}
                    <./311.jpg> <./312.jpg>]
<./315.jpg, id=1198, 1015.54407pt x 495.35063pt>
File: ./315.jpg Graphic file (type jpg)
 <use ./315.jpg>
Package pdftex.def Info: ./315.jpg used on input line 1596.
(pdftex.def)             Requested size: 426.78903pt x 284.52962pt.
 [69pdfTeX warning (ext4): destination with the same identifier (name{figure.8.
13}) has been already used, duplicate ignored

\AtBegShi@Output ...ipout \box \AtBeginShipoutBox 
                                                  \fi \fi 
l.1599 
       pdfTeX warning (ext4): destination with the same identifier (name{figure
.8.14}) has been already used, duplicate ignored

\AtBegShi@Output ...ipout \box \AtBeginShipoutBox 
                                                  \fi \fi 
l.1599 
        <./313.jpg> <./314.jpg>] <./317.jpg, id=1206, 1371.1225pt x 770.88pt>
File: ./317.jpg Graphic file (type jpg)

<use ./317.jpg>
Package pdftex.def Info: ./317.jpg used on input line 1602.
(pdftex.def)             Requested size: 426.78008pt x 284.52715pt.
 <./318.jpg, id=1207, 1371.1225pt x 770.88pt>
File: ./318.jpg Graphic file (type jpg)
 <use ./318.jpg>
Package pdftex.def Info: ./318.jpg used on input line 1607.
(pdftex.def)             Requested size: 426.78008pt x 284.52715pt.

<./319.jpg, id=1208, 1014.79124pt x 493.0922pt>
File: ./319.jpg Graphic file (type jpg)
 <use ./319.jpg>
Package pdftex.def Info: ./319.jpg used on input line 1612.
(pdftex.def)             Requested size: 426.78235pt x 284.54153pt.
 [70pdfTeX warning (ext4): destination with the same identifier (name{figure.8.
15}) has been already used, duplicate ignored

\AtBegShi@Output ...ipout \box \AtBeginShipoutBox 
                                                  \fi \fi 
l.1614 \end{figure}
                   pdfTeX warning (ext4): destination with the same identifier 
(name{figure.8.16}) has been already used, duplicate ignored

\AtBegShi@Output ...ipout \box \AtBeginShipoutBox 
                                                  \fi \fi 
l.1614 \end{figure}
                    <./315.jpg> <./317.jpg>]
<./320.jpg, id=1214, 1013.28563pt x 494.59781pt>
File: ./320.jpg Graphic file (type jpg)
 <use ./320.jpg>
Package pdftex.def Info: ./320.jpg used on input line 1617.
(pdftex.def)             Requested size: 426.78307pt x 284.52736pt.

<./321.jpg, id=1215, 1016.29688pt x 493.0922pt>
File: ./321.jpg Graphic file (type jpg)
 <use ./321.jpg>
Package pdftex.def Info: ./321.jpg used on input line 1622.
(pdftex.def)             Requested size: 426.79526pt x 284.54153pt.
 [71pdfTeX warning (ext4): destination with the same identifier (name{figure.8.
17}) has been already used, duplicate ignored

\AtBegShi@Output ...ipout \box \AtBeginShipoutBox 
                                                  \fi \fi 
l.1624 \end{figure}
                   pdfTeX warning (ext4): destination with the same identifier 
(name{figure.8.18}) has been already used, duplicate ignored

\AtBegShi@Output ...ipout \box \AtBeginShipoutBox 
                                                  \fi \fi 
l.1624 \end{figure}
                    <./318.jpg> <./319.jpg>]
<./322.jpg, id=1221, 1017.8025pt x 493.845pt>
File: ./322.jpg Graphic file (type jpg)
 <use ./322.jpg>
Package pdftex.def Info: ./322.jpg used on input line 1627.
(pdftex.def)             Requested size: 426.7908pt x 284.52382pt.

<./323.jpg, id=1222, 1028.34187pt x 578.16pt>
File: ./323.jpg Graphic file (type jpg)
 <use ./323.jpg>
Package pdftex.def Info: ./323.jpg used on input line 1632.
(pdftex.def)             Requested size: 426.801pt x 284.52713pt.
 [72pdfTeX warning (ext4): destination with the same identifier (name{figure.8.
19}) has been already used, duplicate ignored

\AtBegShi@Output ...ipout \box \AtBeginShipoutBox 
                                                  \fi \fi 
l.1634 \end{figure}
                   pdfTeX warning (ext4): destination with the same identifier 
(name{figure.8.20}) has been already used, duplicate ignored

\AtBegShi@Output ...ipout \box \AtBeginShipoutBox 
                                                  \fi \fi 
l.1634 \end{figure}
                    <./320.jpg> <./321.jpg>]
<./324.jpg, id=1229, 963.6pt x 541.02126pt>
File: ./324.jpg Graphic file (type jpg)
 <use ./324.jpg>
Package pdftex.def Info: ./324.jpg used on input line 1637.
(pdftex.def)             Requested size: 426.77895pt x 284.53572pt.
 [73pdfTeX warning (ext4): destination with the same identifier (name{figure.8.
21}) has been already used, duplicate ignored

\AtBegShi@Output ...ipout \box \AtBeginShipoutBox 
                                                  \fi \fi 
l.1640 
       pdfTeX warning (ext4): destination with the same identifier (name{figure
.8.22}) has been already used, duplicate ignored

\AtBegShi@Output ...ipout \box \AtBeginShipoutBox 
                                                  \fi \fi 
l.1640 
        <./322.jpg> <./323.jpg>] <./325.jpg, id=1235, 963.6pt x 541.02126pt>
File: ./325.jpg Graphic file (type jpg)

<use ./325.jpg>
Package pdftex.def Info: ./325.jpg used on input line 1643.
(pdftex.def)             Requested size: 426.77895pt x 284.53572pt.
 [74pdfTeX warning (ext4): destination with the same identifier (name{figure.8.
23}) has been already used, duplicate ignored

\AtBegShi@Output ...ipout \box \AtBeginShipoutBox 
                                                  \fi \fi 
l.1647 \chapter
               {Conclusion}pdfTeX warning (ext4): destination with the same ide
ntifier (name{figure.8.24}) has been already used, duplicate ignored

\AtBegShi@Output ...ipout \box \AtBeginShipoutBox 
                                                  \fi \fi 
l.1647 \chapter
               {Conclusion} <./324.jpg> <./325.jpg>]
Chapter 9.
Missing character: There is no ‚ in font cmr12!
Missing character: There is no Ä in font cmr12!
Missing character: There is no ù in font cmr12!

Underfull \hbox (badness 10000) in paragraph at lines 1649--1650

 []

[75

]
Chapter 10.
Missing character: There is no ‚ in font cmr12!
Missing character: There is no Ä in font cmr12!
Missing character: There is no ù in font cmr12!
[76

]
Package atveryend Info: Empty hook `BeforeClearDocument' on input line 1691.
 [77]
Package atveryend Info: Empty hook `AfterLastShipout' on input line 1691.
 (./rgukt-report.aux)
Package atveryend Info: Executing hook `AtVeryEndDocument' on input line 1691.
Package atveryend Info: Executing hook `AtEndAfterFileList' on input line 1691.

Package rerunfilecheck Info: File `rgukt-report.out' has not changed.
(rerunfilecheck)             Checksum: 2C3C20555B77D5ED216069A8B32E5CE8;8105.


LaTeX Font Warning: Size substitutions with differences
(Font)              up to 1.28pt have occurred.

Package atveryend Info: Empty hook `AtVeryVeryEnd' on input line 1691.
 ) 
Here is how much of TeX's memory you used:
 6918 strings out of 494985
 101079 string characters out of 6180357
 192716 words of memory out of 5000000
 9683 multiletter control sequences out of 15000+600000
 11512 words of font info for 40 fonts, out of 8000000 for 9000
 36 hyphenation exceptions out of 8191
 29i,10n,28p,1162b,401s stack positions out of 5000i,500n,10000p,200000b,80000s
</usr/share/texlive/texmf-dist/fonts/type1/public/amsfonts/cm/cmbx12.pfb></us
r/share/texlive/texmf-dist/fonts/type1/public/amsfonts/cm/cmbxti10.pfb></usr/sh
are/texlive/texmf-dist/fonts/type1/public/amsfonts/cm/cmmi8.pfb></usr/share/tex
live/texmf-dist/fonts/type1/public/amsfonts/cm/cmr12.pfb></usr/share/texlive/te
xmf-dist/fonts/type1/public/amsfonts/cm/cmsy10.pfb></usr/share/texlive/texmf-di
st/fonts/type1/public/amsfonts/cm/cmtt12.pfb>
Output written on rgukt-report.pdf (93 pages, 6132664 bytes).
PDF statistics:
 1355 PDF objects out of 1440 (max. 8388607)
 1140 compressed objects within 12 object streams
 301 named destinations out of 1000 (max. 500000)
 1343 words of extra memory for PDF output out of 10000 (max. 10000000)

