This is pdfTeX, Version 3.1415926-2.5-1.40.14 (TeX Live 2013/Debian) (format=pdflatex 2014.7.1)  29 APR 2015 18:45
entering extended mode
 restricted \write18 enabled.
 %&-line parsing enabled.
**final-report.tex
(./final-report.tex
LaTeX2e <2011/06/27>
Babel <3.9h> and hyphenation patterns for 4 languages loaded.
(/usr/share/texlive/texmf-dist/tex/latex/base/report.cls
Document Class: report 2007/10/19 v1.4h Standard LaTeX document class
(/usr/share/texlive/texmf-dist/tex/latex/base/size12.clo
File: size12.clo 2007/10/19 v1.4h Standard LaTeX file (size option)
)
\c@part=\count79
\c@chapter=\count80
\c@section=\count81
\c@subsection=\count82
\c@subsubsection=\count83
\c@paragraph=\count84
\c@subparagraph=\count85
\c@figure=\count86
\c@table=\count87
\abovecaptionskip=\skip41
\belowcaptionskip=\skip42
\bibindent=\dimen102
)
(/usr/share/texlive/texmf-dist/tex/latex/geometry/geometry.sty
Package: geometry 2010/09/12 v5.6 Page Geometry

(/usr/share/texlive/texmf-dist/tex/latex/graphics/keyval.sty
Package: keyval 1999/03/16 v1.13 key=value parser (DPC)
\KV@toks@=\toks14
)
(/usr/share/texlive/texmf-dist/tex/generic/oberdiek/ifpdf.sty
Package: ifpdf 2011/01/30 v2.3 Provides the ifpdf switch (HO)
Package ifpdf Info: pdfTeX in PDF mode is detected.
)
(/usr/share/texlive/texmf-dist/tex/generic/oberdiek/ifvtex.sty
Package: ifvtex 2010/03/01 v1.5 Detect VTeX and its facilities (HO)
Package ifvtex Info: VTeX not detected.
)
(/usr/share/texlive/texmf-dist/tex/generic/ifxetex/ifxetex.sty
Package: ifxetex 2010/09/12 v0.6 Provides ifxetex conditional
)
\Gm@cnth=\count88
\Gm@cntv=\count89
\c@Gm@tempcnt=\count90
\Gm@bindingoffset=\dimen103
\Gm@wd@mp=\dimen104
\Gm@odd@mp=\dimen105
\Gm@even@mp=\dimen106
\Gm@layoutwidth=\dimen107
\Gm@layoutheight=\dimen108
\Gm@layouthoffset=\dimen109
\Gm@layoutvoffset=\dimen110
\Gm@dimlist=\toks15
)
(/usr/share/texlive/texmf-dist/tex/latex/graphics/graphicx.sty
Package: graphicx 1999/02/16 v1.0f Enhanced LaTeX Graphics (DPC,SPQR)

(/usr/share/texlive/texmf-dist/tex/latex/graphics/graphics.sty
Package: graphics 2009/02/05 v1.0o Standard LaTeX Graphics (DPC,SPQR)

(/usr/share/texlive/texmf-dist/tex/latex/graphics/trig.sty
Package: trig 1999/03/16 v1.09 sin cos tan (DPC)
)
(/usr/share/texlive/texmf-dist/tex/latex/latexconfig/graphics.cfg
File: graphics.cfg 2010/04/23 v1.9 graphics configuration of TeX Live
)
Package graphics Info: Driver file: pdftex.def on input line 91.

(/usr/share/texlive/texmf-dist/tex/latex/pdftex-def/pdftex.def
File: pdftex.def 2011/05/27 v0.06d Graphics/color for pdfTeX

(/usr/share/texlive/texmf-dist/tex/generic/oberdiek/infwarerr.sty
Package: infwarerr 2010/04/08 v1.3 Providing info/warning/error messages (HO)
)
(/usr/share/texlive/texmf-dist/tex/generic/oberdiek/ltxcmds.sty
Package: ltxcmds 2011/11/09 v1.22 LaTeX kernel commands for general use (HO)
)
\Gread@gobject=\count91
))
\Gin@req@height=\dimen111
\Gin@req@width=\dimen112
)
(/usr/share/texlive/texmf-dist/tex/latex/url/url.sty
\Urlmuskip=\muskip10
Package: url 2013/09/16  ver 3.4  Verb mode for urls, etc.
)
(/usr/share/texlive/texmf-dist/tex/latex/cite/chapterbib.sty
\c@inputfile=\count92
Package: chapterbib 2010/09/18  v 1.17
)
(/usr/share/texlive/texmf-dist/tex/latex/hyperref/hyperref.sty
Package: hyperref 2012/11/06 v6.83m Hypertext links for LaTeX

(/usr/share/texlive/texmf-dist/tex/generic/oberdiek/hobsub-hyperref.sty
Package: hobsub-hyperref 2012/05/28 v1.13 Bundle oberdiek, subset hyperref (HO)


(/usr/share/texlive/texmf-dist/tex/generic/oberdiek/hobsub-generic.sty
Package: hobsub-generic 2012/05/28 v1.13 Bundle oberdiek, subset generic (HO)
Package: hobsub 2012/05/28 v1.13 Construct package bundles (HO)
Package hobsub Info: Skipping package `infwarerr' (already loaded).
Package hobsub Info: Skipping package `ltxcmds' (already loaded).
Package: ifluatex 2010/03/01 v1.3 Provides the ifluatex switch (HO)
Package ifluatex Info: LuaTeX not detected.
Package hobsub Info: Skipping package `ifvtex' (already loaded).
Package: intcalc 2007/09/27 v1.1 Expandable calculations with integers (HO)
Package hobsub Info: Skipping package `ifpdf' (already loaded).
Package: etexcmds 2011/02/16 v1.5 Avoid name clashes with e-TeX commands (HO)
Package etexcmds Info: Could not find \expanded.
(etexcmds)             That can mean that you are not using pdfTeX 1.50 or
(etexcmds)             that some package has redefined \expanded.
(etexcmds)             In the latter case, load this package earlier.
Package: kvsetkeys 2012/04/25 v1.16 Key value parser (HO)
Package: kvdefinekeys 2011/04/07 v1.3 Define keys (HO)
Package: pdftexcmds 2011/11/29 v0.20 Utility functions of pdfTeX for LuaTeX (HO
)
Package pdftexcmds Info: LuaTeX not detected.
Package pdftexcmds Info: \pdf@primitive is available.
Package pdftexcmds Info: \pdf@ifprimitive is available.
Package pdftexcmds Info: \pdfdraftmode found.
Package: pdfescape 2011/11/25 v1.13 Implements pdfTeX's escape features (HO)
Package: bigintcalc 2012/04/08 v1.3 Expandable calculations on big integers (HO
)
Package: bitset 2011/01/30 v1.1 Handle bit-vector datatype (HO)
Package: uniquecounter 2011/01/30 v1.2 Provide unlimited unique counter (HO)
)
Package hobsub Info: Skipping package `hobsub' (already loaded).
Package: letltxmacro 2010/09/02 v1.4 Let assignment for LaTeX macros (HO)
Package: hopatch 2012/05/28 v1.2 Wrapper for package hooks (HO)
Package: xcolor-patch 2011/01/30 xcolor patch
Package: atveryend 2011/06/30 v1.8 Hooks at the very end of document (HO)
Package atveryend Info: \enddocument detected (standard20110627).
Package: atbegshi 2011/10/05 v1.16 At begin shipout hook (HO)
Package: refcount 2011/10/16 v3.4 Data extraction from label references (HO)
Package: hycolor 2011/01/30 v1.7 Color options for hyperref/bookmark (HO)
)
(/usr/share/texlive/texmf-dist/tex/latex/oberdiek/auxhook.sty
Package: auxhook 2011/03/04 v1.3 Hooks for auxiliary files (HO)
)
(/usr/share/texlive/texmf-dist/tex/latex/oberdiek/kvoptions.sty
Package: kvoptions 2011/06/30 v3.11 Key value format for package options (HO)
)
\@linkdim=\dimen113
\Hy@linkcounter=\count93
\Hy@pagecounter=\count94

(/usr/share/texlive/texmf-dist/tex/latex/hyperref/pd1enc.def
File: pd1enc.def 2012/11/06 v6.83m Hyperref: PDFDocEncoding definition (HO)
)
\Hy@SavedSpaceFactor=\count95

(/usr/share/texlive/texmf-dist/tex/latex/latexconfig/hyperref.cfg
File: hyperref.cfg 2002/06/06 v1.2 hyperref configuration of TeXLive
)
Package hyperref Info: Hyper figures OFF on input line 4443.
Package hyperref Info: Link nesting OFF on input line 4448.
Package hyperref Info: Hyper index ON on input line 4451.
Package hyperref Info: Plain pages OFF on input line 4458.
Package hyperref Info: Backreferencing OFF on input line 4463.
Package hyperref Info: Implicit mode ON; LaTeX internals redefined.
Package hyperref Info: Bookmarks ON on input line 4688.
\c@Hy@tempcnt=\count96
LaTeX Info: Redefining \url on input line 5041.
\XeTeXLinkMargin=\dimen114
\Fld@menulength=\count97
\Field@Width=\dimen115
\Fld@charsize=\dimen116
Package hyperref Info: Hyper figures OFF on input line 6295.
Package hyperref Info: Link nesting OFF on input line 6300.
Package hyperref Info: Hyper index ON on input line 6303.
Package hyperref Info: backreferencing OFF on input line 6310.
Package hyperref Info: Link coloring OFF on input line 6315.
Package hyperref Info: Link coloring with OCG OFF on input line 6320.
Package hyperref Info: PDF/A mode OFF on input line 6325.
LaTeX Info: Redefining \ref on input line 6365.
LaTeX Info: Redefining \pageref on input line 6369.
\Hy@abspage=\count98
\c@Item=\count99
\c@Hfootnote=\count100
)

Package hyperref Message: Driver (autodetected): hpdftex.

(/usr/share/texlive/texmf-dist/tex/latex/hyperref/hpdftex.def
File: hpdftex.def 2012/11/06 v6.83m Hyperref driver for pdfTeX
\Fld@listcount=\count101
\c@bookmark@seq@number=\count102

(/usr/share/texlive/texmf-dist/tex/latex/oberdiek/rerunfilecheck.sty
Package: rerunfilecheck 2011/04/15 v1.7 Rerun checks for auxiliary files (HO)
Package uniquecounter Info: New unique counter `rerunfilecheck' on input line 2
82.
)
\Hy@SectionHShift=\skip43
)
(/usr/share/texlive/texmf-dist/tex/latex/tools/tabularx.sty
Package: tabularx 1999/01/07 v2.07 `tabularx' package (DPC)

(/usr/share/texlive/texmf-dist/tex/latex/tools/array.sty
Package: array 2008/09/09 v2.4c Tabular extension package (FMi)
\col@sep=\dimen117
\extrarowheight=\dimen118
\NC@list=\toks16
\extratabsurround=\skip44
\backup@length=\skip45
)
\TX@col@width=\dimen119
\TX@old@table=\dimen120
\TX@old@col=\dimen121
\TX@target=\dimen122
\TX@delta=\dimen123
\TX@cols=\count103
\TX@ftn=\toks17
)
(/usr/share/texlive/texmf-dist/tex/latex/graphics/lscape.sty
Package: lscape 2000/10/22 v3.01 Landscape Pages (DPC)
)
(/usr/share/texlive/texmf-dist/tex/latex/tools/longtable.sty
Package: longtable 2004/02/01 v4.11 Multi-page Table package (DPC)
\LTleft=\skip46
\LTright=\skip47
\LTpre=\skip48
\LTpost=\skip49
\LTchunksize=\count104
\LTcapwidth=\dimen124
\LT@head=\box26
\LT@firsthead=\box27
\LT@foot=\box28
\LT@lastfoot=\box29
\LT@cols=\count105
\LT@rows=\count106
\c@LT@tables=\count107
\c@LT@chunks=\count108
\LT@p@ftn=\toks18
)
(/usr/share/texlive/texmf-dist/tex/latex/float/float.sty
Package: float 2001/11/08 v1.3d Float enhancements (AL)
\c@float@type=\count109
\float@exts=\toks19
\float@box=\box30
\@float@everytoks=\toks20
\@floatcapt=\box31
)
(/usr/share/texlive/texmf-dist/tex/latex/tools/multicol.sty
Package: multicol 2011/06/27 v1.7a multicolumn formatting (FMi)
\c@tracingmulticols=\count110
\mult@box=\box32
\multicol@leftmargin=\dimen125
\c@unbalance=\count111
\c@collectmore=\count112
\doublecol@number=\count113
\multicoltolerance=\count114
\multicolpretolerance=\count115
\full@width=\dimen126
\page@free=\dimen127
\premulticols=\dimen128
\postmulticols=\dimen129
\multicolsep=\skip50
\multicolbaselineskip=\skip51
\partial@page=\box33
\last@line=\box34
\mult@rightbox=\box35
\mult@grightbox=\box36
\mult@gfirstbox=\box37
\mult@firstbox=\box38
\@tempa=\box39
\@tempa=\box40
\@tempa=\box41
\@tempa=\box42
\@tempa=\box43
\@tempa=\box44
\@tempa=\box45
\@tempa=\box46
\@tempa=\box47
\@tempa=\box48
\@tempa=\box49
\@tempa=\box50
\@tempa=\box51
\@tempa=\box52
\@tempa=\box53
\@tempa=\box54
\@tempa=\box55
\c@columnbadness=\count116
\c@finalcolumnbadness=\count117
\last@try=\dimen130
\multicolovershoot=\dimen131
\multicolundershoot=\dimen132
\mult@nat@firstbox=\box56
\colbreak@box=\box57
\multicol@sort@counter=\count118
)
(/usr/share/texlive/texmf-dist/tex/latex/graphics/color.sty
Package: color 2005/11/14 v1.0j Standard LaTeX Color (DPC)

(/usr/share/texlive/texmf-dist/tex/latex/latexconfig/color.cfg
File: color.cfg 2007/01/18 v1.5 color configuration of teTeX/TeXLive
)
Package color Info: Driver file: pdftex.def on input line 130.
)
(/usr/share/texlive/texmf-dist/tex/latex/paralist/paralist.sty
Package: paralist 2013/06/09 v2.4 Extended list environments
\pltopsep=\skip52
\plpartopsep=\skip53
\plitemsep=\skip54
\plparsep=\skip55
\pl@lab=\toks21
)
(/usr/share/texlive/texmf-dist/tex/latex/listings/listings.sty
\lst@mode=\count119
\lst@gtempboxa=\box58
\lst@token=\toks22
\lst@length=\count120
\lst@currlwidth=\dimen133
\lst@column=\count121
\lst@pos=\count122
\lst@lostspace=\dimen134
\lst@width=\dimen135
\lst@newlines=\count123
\lst@lineno=\count124
\lst@maxwidth=\dimen136

(/usr/share/texlive/texmf-dist/tex/latex/listings/lstmisc.sty
File: lstmisc.sty 2013/08/26 1.5b (Carsten Heinz)
\c@lstnumber=\count125
\lst@skipnumbers=\count126
\lst@framebox=\box59
)
(/usr/share/texlive/texmf-dist/tex/latex/listings/listings.cfg
File: listings.cfg 2013/08/26 1.5b listings configuration
))
Package: listings 2013/08/26 1.5b (Carsten Heinz)

(./final-report.aux

LaTeX Warning: Label `fig:OAuth Protocol Work Flow Diagram' multiply defined.

)
\openout1 = `final-report.aux'.

LaTeX Font Info:    Checking defaults for OML/cmm/m/it on input line 66.
LaTeX Font Info:    ... okay on input line 66.
LaTeX Font Info:    Checking defaults for T1/cmr/m/n on input line 66.
LaTeX Font Info:    ... okay on input line 66.
LaTeX Font Info:    Checking defaults for OT1/cmr/m/n on input line 66.
LaTeX Font Info:    ... okay on input line 66.
LaTeX Font Info:    Checking defaults for OMS/cmsy/m/n on input line 66.
LaTeX Font Info:    ... okay on input line 66.
LaTeX Font Info:    Checking defaults for OMX/cmex/m/n on input line 66.
LaTeX Font Info:    ... okay on input line 66.
LaTeX Font Info:    Checking defaults for U/cmr/m/n on input line 66.
LaTeX Font Info:    ... okay on input line 66.
LaTeX Font Info:    Checking defaults for PD1/pdf/m/n on input line 66.
LaTeX Font Info:    ... okay on input line 66.

*geometry* driver: auto-detecting
*geometry* detected driver: pdftex
*geometry* verbose mode - [ preamble ] result:
* driver: pdftex
* paper: a4paper
* layout: <same size as paper>
* layoutoffset:(h,v)=(0.0pt,0.0pt)
* modes: 
* h-part:(L,W,R)=(72.26999pt, 452.9679pt, 72.26999pt)
* v-part:(T,H,B)=(72.26999pt, 700.50687pt, 72.26999pt)
* \paperwidth=597.50787pt
* \paperheight=845.04684pt
* \textwidth=452.9679pt
* \textheight=700.50687pt
* \oddsidemargin=0.0pt
* \evensidemargin=0.0pt
* \topmargin=-37.0pt
* \headheight=12.0pt
* \headsep=25.0pt
* \topskip=12.0pt
* \footskip=30.0pt
* \marginparwidth=44.0pt
* \marginparsep=10.0pt
* \columnsep=10.0pt
* \skip\footins=10.8pt plus 4.0pt minus 2.0pt
* \hoffset=0.0pt
* \voffset=0.0pt
* \mag=1000
* \@twocolumnfalse
* \@twosidefalse
* \@mparswitchfalse
* \@reversemarginfalse
* (1in=72.27pt=25.4mm, 1cm=28.453pt)

(/usr/share/texlive/texmf-dist/tex/context/base/supp-pdf.mkii
[Loading MPS to PDF converter (version 2006.09.02).]
\scratchcounter=\count127
\scratchdimen=\dimen137
\scratchbox=\box60
\nofMPsegments=\count128
\nofMParguments=\count129
\everyMPshowfont=\toks23
\MPscratchCnt=\count130
\MPscratchDim=\dimen138
\MPnumerator=\count131
\makeMPintoPDFobject=\count132
\everyMPtoPDFconversion=\toks24
) (/usr/share/texlive/texmf-dist/tex/latex/oberdiek/epstopdf-base.sty
Package: epstopdf-base 2010/02/09 v2.5 Base part for package epstopdf

(/usr/share/texlive/texmf-dist/tex/latex/oberdiek/grfext.sty
Package: grfext 2010/08/19 v1.1 Manage graphics extensions (HO)
)
Package grfext Info: Graphics extension search list:
(grfext)             [.png,.pdf,.jpg,.mps,.jpeg,.jbig2,.jb2,.PNG,.PDF,.JPG,.JPE
G,.JBIG2,.JB2,.eps]
(grfext)             \AppendGraphicsExtensions on input line 452.

(/usr/share/texlive/texmf-dist/tex/latex/latexconfig/epstopdf-sys.cfg
File: epstopdf-sys.cfg 2010/07/13 v1.3 Configuration of (r)epstopdf for TeX Liv
e
))
\AtBeginShipoutBox=\box61
Package hyperref Info: Link coloring OFF on input line 66.

(/usr/share/texlive/texmf-dist/tex/latex/hyperref/nameref.sty
Package: nameref 2012/10/27 v2.43 Cross-referencing by name of section

(/usr/share/texlive/texmf-dist/tex/generic/oberdiek/gettitlestring.sty
Package: gettitlestring 2010/12/03 v1.4 Cleanup title references (HO)
)
\c@section@level=\count133
)
LaTeX Info: Redefining \ref on input line 66.
LaTeX Info: Redefining \pageref on input line 66.
LaTeX Info: Redefining \nameref on input line 66.

(./final-report.out) (./final-report.out)
\@outlinefile=\write3
\openout3 = `final-report.out'.

\c@lstlisting=\count134
LaTeX Font Info:    External font `cmex10' loaded for size
(Font)              <10.95> on input line 83.
LaTeX Font Info:    External font `cmex10' loaded for size
(Font)              <8> on input line 83.
LaTeX Font Info:    External font `cmex10' loaded for size
(Font)              <6> on input line 83.
LaTeX Font Info:    External font `cmex10' loaded for size
(Font)              <14.4> on input line 94.
LaTeX Font Info:    External font `cmex10' loaded for size
(Font)              <7> on input line 94.

<rgukt_logo.jpg, id=438, 236.885pt x 162.6075pt>
File: rgukt_logo.jpg Graphic file (type jpg)
 <use rgukt_logo.jpg>
Package pdftex.def Info: rgukt_logo.jpg used on input line 116.
(pdftex.def)             Requested size: 142.26378pt x 97.65704pt.
LaTeX Font Info:    External font `cmex10' loaded for size
(Font)              <17.28> on input line 118.
LaTeX Font Info:    External font `cmex10' loaded for size
(Font)              <12> on input line 118.
 [1

{/var/lib/texmf/fonts/map/pdftex/updmap/pdftex.map} <./rgukt_logo.jpg>]
Underfull \hbox (badness 10000) in paragraph at lines 152--153

 []


Underfull \hbox (badness 10000) in paragraph at lines 154--155

 []


Underfull \hbox (badness 10000) in paragraph at lines 156--157

 []

[1

] (./final-report.toc [2

] [3])
\tf@toc=\write4
\openout4 = `final-report.toc'.

 [4] (./final-report.lof)
\tf@lof=\write5
\openout5 = `final-report.lof'.

 [5

] [6]
(./final-report.lot)
\tf@lot=\write6
\openout6 = `final-report.lot'.

 [7

]
Chapter 1.

Underfull \hbox (badness 10000) in paragraph at lines 182--183

 []

LaTeX Font Info:    Try loading font information for OMS+cmr on input line 186.

(/usr/share/texlive/texmf-dist/tex/latex/base/omscmr.fd
File: omscmr.fd 1999/05/25 v2.5h Standard LaTeX font definitions
)
LaTeX Font Info:    Font shape `OMS/cmr/m/n' in size <12> not available
(Font)              Font shape `OMS/cmsy/m/n' tried instead on input line 186.
pdfTeX warning (ext4): destination with the same identifier (name{page.1}) has 
been already used, duplicate ignored
<to be read again> 
                   \relax 
l.204 \chapter
              {Motivation \& Approach} [1

]
Chapter 2.
[2

]
Underfull \hbox (badness 10000) in paragraph at lines 247--248

 []


Underfull \hbox (badness 10000) in paragraph at lines 249--250

 []


Underfull \hbox (badness 10000) in paragraph at lines 251--252

 []

[3]
Chapter 3.
<./it.png, id=681, 483.8075pt x 179.67125pt>
File: ./it.png Graphic file (type png)
 <use ./it.png>
Package pdftex.def Info: ./it.png used on input line 271.
(pdftex.def)             Requested size: 199.16928pt x 73.96451pt.

<./it2.png, id=682, 491.8375pt x 289.08pt>
File: ./it2.png Graphic file (type png)
 <use ./it2.png>
Package pdftex.def Info: ./it2.png used on input line 280.
(pdftex.def)             Requested size: 199.16928pt x 117.06352pt.
 [4

pdfTeX warning (ext4): destination with the same identifier (name{figure.3.1}) 
has been already used, duplicate ignored

\AtBegShi@Output ...ipout \box \AtBeginShipoutBox 
                                                  \fi \fi 
l.289 
      pdfTeX warning (ext4): destination with the same identifier (name{figure.
3.2}) has been already used, duplicate ignored

\AtBegShi@Output ...ipout \box \AtBeginShipoutBox 
                                                  \fi \fi 
l.289 
       <./it.png> <./it2.png>] <./all.png, id=687, 685.1196pt x 383.9946pt>
File: ./all.png Graphic file (type png)

<use ./all.png>
Package pdftex.def Info: ./all.png used on input line 312.
(pdftex.def)             Requested size: 398.35233pt x 256.0856pt.
 [5pdfTeX warning (ext4): destination with the same identifier (name{figure.3.3
}) has been already used, duplicate ignored

\AtBegShi@Output ...ipout \box \AtBeginShipoutBox 
                                                  \fi \fi 
l.317 \chapter
              {Central Identiy} <./all.png>]
Chapter 4.
<SSO.png, id=695, 1060.96375pt x 326.21875pt>
File: SSO.png Graphic file (type png)
 <use SSO.png>
Package pdftex.def Info: SSO.png used on input line 335.
(pdftex.def)             Requested size: 426.79013pt x 150.80411pt.

Underfull \hbox (badness 10000) in paragraph at lines 322--337

 []


Underfull \hbox (badness 10000) in paragraph at lines 322--337

 []


Underfull \hbox (badness 10000) in paragraph at lines 322--337

 []


Underfull \hbox (badness 10000) in paragraph at lines 322--337

 []

[6

pdfTeX warning (ext4): destination with the same identifier (name{figure.4.1}) 
has been already used, duplicate ignored

\AtBegShi@Output ...ipout \box \AtBeginShipoutBox 
                                                  \fi \fi 
l.339 
       <./SSO.png>]
Underfull \hbox (badness 10000) in paragraph at lines 341--348

 []


Underfull \hbox (badness 10000) in paragraph at lines 341--348

 []


Underfull \hbox (badness 10000) in paragraph at lines 341--348

 []

[7] <abstract_flow.png, id=704, 563.10374pt x 373.395pt>
File: abstract_flow.png Graphic file (type png)

<use abstract_flow.png>
Package pdftex.def Info: abstract_flow.png used on input line 367.
(pdftex.def)             Requested size: 281.55118pt x 186.69704pt.
 [8pdfTeX warning (ext4): destination with the same identifier (name{figure.4.2
}) has been already used, duplicate ignored

\AtBegShi@Output ...ipout \box \AtBeginShipoutBox 
                                                  \fi \fi 
l.381 \newpage
               <./abstract_flow.png>]
Underfull \hbox (badness 10000) in paragraph at lines 384--385

 []


Underfull \hbox (badness 10000) in paragraph at lines 388--389

 []


Underfull \hbox (badness 10000) in paragraph at lines 392--393

 []

<./3-1.png, id=710, 795.97375pt x 401.5pt>
File: ./3-1.png Graphic file (type png)
 <use ./3-1.png>
Package pdftex.def Info: ./3-1.png used on input line 397.
(pdftex.def)             Requested size: 312.97908pt x 199.17502pt.
 [9]
Underfull \hbox (badness 10000) in paragraph at lines 401--402

 []

Missing character: There is no ‚ in font cmr12!
Missing character: There is no Ä in font cmr12!
Missing character: There is no ô in font cmr12!

Underfull \hbox (badness 10000) in paragraph at lines 417--418

 []

[10pdfTeX warning (ext4): destination with the same identifier (name{figure.4.3
}) has been already used, duplicate ignored

\AtBegShi@Output ...ipout \box \AtBeginShipoutBox 
                                                  \fi \fi 
l.419 	T
        here is no need for a DS in this. Users can either select their I-Ca...
 <./3-1.png>] <./3-2.jpg, id=719, 502.87875pt x 261.97874pt>
File: ./3-2.jpg Graphic file (type jpg)
 <use ./3-2.jpg>
Package pdftex.def Info: ./3-2.jpg used on input line 422.
(pdftex.def)             Requested size: 312.97864pt x 227.62785pt.

Underfull \hbox (badness 10000) in paragraph at lines 426--427

 []

<U1.JPG, id=720, 288.3272pt x 217.5628pt>
File: U1.JPG Graphic file (type jpg)
 <use U1.JPG>
Package pdftex.def Info: U1.JPG used on input line 447.
(pdftex.def)             Requested size: 341.44618pt x 256.11105pt.

<ex1.JPG, id=721, 575.14874pt x 266.9975pt>
File: ex1.JPG Graphic file (type jpg)
 <use ex1.JPG>
Package pdftex.def Info: ex1.JPG used on input line 454.
(pdftex.def)             Requested size: 341.44107pt x 256.09874pt.
 [11pdfTeX warning (ext4): destination with the same identifier (name{figure.4.
4}) has been already used, duplicate ignored

\AtBegShi@Output ...ipout \box \AtBeginShipoutBox 
                                                  \fi \fi 
l.457 \end{figure}
                   <./3-2.jpg>] [12pdfTeX warning (ext4): destination with the 
same identifier (name{figure.4.5}) has been already used, duplicate ignored

\AtBegShi@Output ...ipout \box \AtBeginShipoutBox 
                                                  \fi \fi 
l.461 \newpage
              pdfTeX warning (ext4): destination with the same identifier (name
{figure.4.6}) has been already used, duplicate ignored

\AtBegShi@Output ...ipout \box \AtBeginShipoutBox 
                                                  \fi \fi 
l.461 \newpage
               <./U1.JPG> <./ex1.JPG>]
Underfull \hbox (badness 10000) in paragraph at lines 465--466

 []


Underfull \hbox (badness 10000) in paragraph at lines 467--468

 []


Underfull \hbox (badness 10000) in paragraph at lines 469--470

 []

<./4-1.png, id=731, 379.4175pt x 273.27094pt>
File: ./4-1.png Graphic file (type png)
 <use ./4-1.png>
Package pdftex.def Info: ./4-1.png used on input line 479.
(pdftex.def)             Requested size: 312.9803pt x 225.42627pt.
 [13pdfTeX warning (ext4): destination with the same identifier (name{figure.4.
7}) has been already used, duplicate ignored

\AtBegShi@Output ...ipout \box \AtBeginShipoutBox 
                                                  \fi \fi 
l.483 \newpage
               <./4-1.png (PNG copy)>]
<./4-2.png, id=736, 371.88937pt x 149.8097pt>
File: ./4-2.png Graphic file (type png)
 <use ./4-2.png>
Package pdftex.def Info: ./4-2.png used on input line 495.
(pdftex.def)             Requested size: 256.0748pt x 103.15848pt.
Missing character: There is no ‚ in font cmr12!
Missing character: There is no Ä in font cmr12!
Missing character: There is no ô in font cmr12!

<./4-3.png, id=737, 316.18124pt x 107.65219pt>
File: ./4-3.png Graphic file (type png)
 <use ./4-3.png>
Package pdftex.def Info: ./4-3.png used on input line 502.
(pdftex.def)             Requested size: 256.0748pt x 87.19286pt.
 [14pdfTeX warning (ext4): destination with the same identifier (name{figure.4.
8}) has been already used, duplicate ignored

\AtBegShi@Output ...ipout \box \AtBeginShipoutBox 
                                                  \fi \fi 
l.506 	\newpage
               pdfTeX warning (ext4): destination with the same identifier (nam
e{figure.4.9}) has been already used, duplicate ignored

\AtBegShi@Output ...ipout \box \AtBeginShipoutBox 
                                                  \fi \fi 
l.506 	\newpage
                <./4-2.png (PNG copy)> <./4-3.png (PNG copy)>]
Missing character: There is no ‚ in font cmr12!
Missing character: There is no Ä in font cmr12!
Missing character: There is no ô in font cmr12!
Missing character: There is no ‚ in font cmr12!
Missing character: There is no Ä in font cmr12!
Missing character: There is no ô in font cmr12!

Underfull \hbox (badness 10000) in paragraph at lines 508--509

 []


Underfull \hbox (badness 10000) in paragraph at lines 527--530

 []

<./4-4.png, id=742, 426.84468pt x 235.63031pt>
File: ./4-4.png Graphic file (type png)
 <use ./4-4.png>
Package pdftex.def Info: ./4-4.png used on input line 548.
(pdftex.def)             Requested size: 256.0748pt x 141.36848pt.
 [15pdfTeX warning (ext4): destination with the same identifier (name{figure.4.
10}) has been already used, duplicate ignored

\AtBegShi@Output ...ipout \box \AtBeginShipoutBox 
                                                  \fi \fi 
l.552 		\newpage
                 <./4-4.png (PNG copy)>]
Missing character: There is no ‚ in font cmr12!
Missing character: There is no Ä in font cmr12!
Missing character: There is no ô in font cmr12!

Underfull \hbox (badness 10000) in paragraph at lines 554--555

 []

<./4-5.png, id=747, 373.395pt x 371.88937pt>
File: ./4-5.png Graphic file (type png)
 <use ./4-5.png>
Package pdftex.def Info: ./4-5.png used on input line 559.
(pdftex.def)             Requested size: 256.0748pt x 255.05478pt.

<./4-6.png, id=748, 366.61969pt x 114.4275pt>
File: ./4-6.png Graphic file (type png)
 <use ./4-6.png>
Package pdftex.def Info: ./4-6.png used on input line 565.
(pdftex.def)             Requested size: 256.0748pt x 79.92934pt.

Underfull \hbox (badness 10000) in paragraph at lines 571--580

 []


Underfull \hbox (badness 10000) in paragraph at lines 571--580

 []


Underfull \hbox (badness 10000) in paragraph at lines 571--580

 []


Underfull \hbox (badness 10000) in paragraph at lines 571--580

 []

[16pdfTeX warning (ext4): destination with the same identifier (name{figure.4.1
1}) has been already used, duplicate ignored

\AtBegShi@Output ...ipout \box \AtBeginShipoutBox 
                                                  \fi \fi 
l.580 
      pdfTeX warning (ext4): destination with the same identifier (name{figure.
4.12}) has been already used, duplicate ignored

\AtBegShi@Output ...ipout \box \AtBeginShipoutBox 
                                                  \fi \fi 
l.580 
       <./4-5.png (PNG copy)> <./4-6.png (PNG copy)>] [17]
Chapter 5.

Underfull \hbox (badness 10000) in paragraph at lines 584--587

 []

[18

]
Underfull \hbox (badness 10000) in paragraph at lines 605--616

 []


Underfull \hbox (badness 10000) in paragraph at lines 605--616

 []


Underfull \hbox (badness 10000) in paragraph at lines 605--616

 []

[19pdfTeX warning (ext4): destination with the same identifier (name{table.5.1}
) has been already used, duplicate ignored

\AtBegShi@Output ...ipout \box \AtBeginShipoutBox 
                                                  \fi \fi 
l.635 \newpage
              ]
Underfull \hbox (badness 10000) in paragraph at lines 639--643

 []

<ldap-tools.png, id=767, 534.99875pt x 300.12125pt>
File: ldap-tools.png Graphic file (type png)
 <use ldap-tools.png>
Package pdftex.def Info: ldap-tools.png used on input line 657.
(pdftex.def)             Requested size: 321.00172pt x 180.07413pt.
Missing character: There is no ‚ in font cmr12!
Missing character: There is no Ä in font cmr12!
Missing character: There is no ô in font cmr12!

Underfull \hbox (badness 10000) in paragraph at lines 663--668

 []

[20pdfTeX warning (ext4): destination with the same identifier (name{figure.5.1
}) has been already used, duplicate ignored

\AtBegShi@Output ...ipout \box \AtBeginShipoutBox 
                                                  \fi \fi 
l.668 
       <./ldap-tools.png (PNG copy)>]
<nfscomponents.png, id=772, 479.8728pt x 347.6187pt>
File: nfscomponents.png Graphic file (type png)
 <use nfscomponents.png>
Package pdftex.def Info: nfscomponents.png used on input line 676.
(pdftex.def)             Requested size: 335.90866pt x 243.33142pt.

[21pdfTeX warning (ext4): destination with the same identifier (name{figure.5.2
}) has been already used, duplicate ignored

\AtBegShi@Output ...ipout \box \AtBeginShipoutBox 
                                                  \fi \fi 
l.681 \chapter
              {Cloud Infrastructure} <./nfscomponents.png>]
Chapter 6.

Underfull \hbox (badness 10000) in paragraph at lines 687--697

 []


Underfull \hbox (badness 10000) in paragraph at lines 687--697

 []


Underfull \hbox (badness 10000) in paragraph at lines 699--712

 []


Underfull \hbox (badness 10000) in paragraph at lines 699--712

 []


Underfull \hbox (badness 10000) in paragraph at lines 699--712

 []


Underfull \hbox (badness 10000) in paragraph at lines 699--712

 []


Underfull \hbox (badness 10000) in paragraph at lines 699--712

 []


Underfull \hbox (badness 10000) in paragraph at lines 699--712

 []

[22

]
Missing character: There is no ‚ in font cmr12!
Missing character: There is no Ä in font cmr12!
Missing character: There is no ô in font cmr12!
 <./service.png, id=781, 652.4375pt x 165.61874pt>
File: ./service.png Graphic file (type png)
 <use ./service.png>
Package pdftex.def Info: ./service.png used on input line 742.
(pdftex.def)             Requested size: 341.43971pt x 85.3565pt.

[23pdfTeX warning (ext4): destination with the same identifier (name{figure.6.1
}) has been already used, duplicate ignored

\AtBegShi@Output ...ipout \box \AtBeginShipoutBox 
                                                  \fi \fi 
l.753 	\item
               Amazon EC2, S3, Google AppEngine, and Force.com <./service.png>]
<./model.png, id=788, 353.32pt x 184.69pt>
File: ./model.png Graphic file (type png)
 <use ./model.png>
Package pdftex.def Info: ./model.png used on input line 769.
(pdftex.def)             Requested size: 227.62279pt x 142.26526pt.
 [24pdfTeX warning (ext4): destination with the same identifier (name{figure.6.
2}) has been already used, duplicate ignored

\AtBegShi@Output ...ipout \box \AtBeginShipoutBox 
                                                  \fi \fi 
l.774 \newpage
               <./model.png>]
Underfull \hbox (badness 10000) in paragraph at lines 779--783

 []

<./cloud.jpg, id=794, 552.0625pt x 301.125pt>
File: ./cloud.jpg Graphic file (type jpg)
 <use ./cloud.jpg>
Package pdftex.def Info: ./cloud.jpg used on input line 796.
(pdftex.def)             Requested size: 227.6275pt x 142.26852pt.

Underfull \hbox (badness 10000) in paragraph at lines 791--798

 []

[25pdfTeX warning (ext4): destination with the same identifier (name{figure.6.3
}) has been already used, duplicate ignored

\AtBegShi@Output ...ipout \box \AtBeginShipoutBox 
                                                  \fi \fi 
l.804 \chapter
              {Implentation and Specifications} <./cloud.jpg>]
Chapter 7.

Underfull \hbox (badness 10000) in paragraph at lines 808--809

 []

[26

]
Chapter 8.

Underfull \hbox (badness 10000) in paragraph at lines 884--885
 
 []

File: abstract_flow.png Graphic file (type png)
<use abstract_flow.png>
Package pdftex.def Info: abstract_flow.png used on input line 890.
(pdftex.def)             Requested size: 281.55118pt x 186.69704pt.
 [27

pdfTeX warning (ext4): destination with the same identifier (name{figure.8.1}) 
has been already used, duplicate ignored

\AtBegShi@Output ...ipout \box \AtBeginShipoutBox 
                                                  \fi \fi 
l.899 \item I
             f the application identity is authenticated and the authorizati...
] <RID_Pics/Profile.png, id=807, 1236.62pt x 632.3625pt>
File: RID_Pics/Profile.png Graphic file (type png)

<use RID_Pics/Profile.png>
Package pdftex.def Info: RID_Pics/Profile.png used on input line 909.
(pdftex.def)             Requested size: 494.63924pt x 252.94052pt.

Overfull \hbox (41.67134pt too wide) in paragraph at lines 909--910
 [] 
 []

<RID_Pics/Edit_Profile.png, id=808, 1117.17375pt x 505.89pt>
File: RID_Pics/Edit_Profile.png Graphic file (type png)

<use RID_Pics/Edit_Profile.png>
Package pdftex.def Info: RID_Pics/Edit_Profile.png used on input line 915.
(pdftex.def)             Requested size: 446.86159pt x 202.3524pt.
 [28pdfTeX warning (ext4): destination with the same identifier (name{figure.8.
2}) has been already used, duplicate ignored

\AtBegShi@Output ...ipout \box \AtBeginShipoutBox 
                                                  \fi \fi 
l.919 \section
              {REST API} <./RID_Pics/Profile.png>]
<CRUD.png, id=813, 595.22375pt x 159.59625pt>
File: CRUD.png Graphic file (type png)
 <use CRUD.png>
Package pdftex.def Info: CRUD.png used on input line 923.
(pdftex.def)             Requested size: 199.16731pt x 56.90424pt.

Overfull \hbox (7.4609pt too wide) in paragraph at lines 920--926
\OT1/cmr/m/n/12 REST API pro-vides users a flex-i-bil-ity to per-form Ba-sic CR
UD(Create,Read,Update,Delete)
 []

[29pdfTeX warning (ext4): destination with the same identifier (name{figure.8.3
}) has been already used, duplicate ignored

\AtBegShi@Output ...ipout \box \AtBeginShipoutBox 
                                                  \fi \fi 
l.936 \subsection
                 {API Testing}pdfTeX warning (ext4): destination with the same 
identifier (name{figure.8.4}) has been already used, duplicate ignored

\AtBegShi@Output ...ipout \box \AtBeginShipoutBox 
                                                  \fi \fi 
l.936 \subsection
                 {API Testing} <./RID_Pics/Edit_Profile.png> <./CRUD.png>]
LaTeX Font Info:    Font shape `OT1/cmtt/bx/n' in size <12> not available
(Font)              Font shape `OT1/cmtt/m/n' tried instead on input line 937.

(/usr/share/texlive/texmf-dist/tex/latex/listings/lstlang1.sty
File: lstlang1.sty 2013/08/26 1.5b listings language file
)
Package hyperref Info: bookmark level for unknown lstlisting defaults to 0 on i
nput line 938.

(./basic_info.json
LaTeX Font Info:    Font shape `OMS/cmr/m/n' in size <10> not available
(Font)              Font shape `OMS/cmsy/m/n' tried instead on input line 1.
LaTeX Font Info:    External font `cmex10' loaded for size
(Font)              <5> on input line 5.
) (./contact_info.json) (./education.json) (./skills.json
[30]) (./roles.json)
Underfull \hbox (badness 10000) in paragraph at lines 951--952

 []

<RID_Pics/Roles.png, id=881, 1111.15125pt x 542.025pt>
File: RID_Pics/Roles.png Graphic file (type png)

<use RID_Pics/Roles.png>
Package pdftex.def Info: RID_Pics/Roles.png used on input line 957.
(pdftex.def)             Requested size: 444.45262pt x 216.80615pt.

<RID_Pics/Add_Permission.png, id=882, 1108.14pt x 506.89375pt>
File: RID_Pics/Add_Permission.png Graphic file (type png)

<use RID_Pics/Add_Permission.png>
Package pdftex.def Info: RID_Pics/Add_Permission.png used on input line 962.
(pdftex.def)             Requested size: 443.24815pt x 202.7539pt.
 [31] [32pdfTeX warning (ext4): destination with the same identifier (name{figu
re.8.5}) has been already used, duplicate ignored

\AtBegShi@Output ...ipout \box \AtBeginShipoutBox 
                                                  \fi \fi 
l.967 \section
              {PHP Client Libraray}pdfTeX warning (ext4): destination with the 
same identifier (name{figure.8.6}) has been already used, duplicate ignored

\AtBegShi@Output ...ipout \box \AtBeginShipoutBox 
                                                  \fi \fi 
l.967 \section
              {PHP Client Libraray} <./RID_Pics/Roles.png> <./RID_Pics/Add_Perm
ission.png>] (/usr/share/texlive/texmf-dist/tex/latex/listings/lstlang1.sty
File: lstlang1.sty 2013/08/26 1.5b listings language file
)
(/usr/share/texlive/texmf-dist/tex/latex/listings/lstlang2.sty
File: lstlang2.sty 2013/08/26 1.5b listings language file
) (./init.php
LaTeX Font Info:    Try loading font information for OML+cmr on input line 1.

(/usr/share/texlive/texmf-dist/tex/latex/base/omlcmr.fd
File: omlcmr.fd 1999/05/25 v2.5h Standard LaTeX font definitions
)
LaTeX Font Info:    Font shape `OML/cmr/m/n' in size <10> not available
(Font)              Font shape `OML/cmm/m/it' tried instead on input line 1.
) (./getURL.php)
(./getToken.php) (./initAPI.php) (./getInfo.php) [33]
Chapter 9.
[34

]

Package hyperref Warning: Token not allowed in a PDF string (PDFDocEncoding):
(hyperref)                removing `math shift' on input line 1003.


Package hyperref Warning: Token not allowed in a PDF string (PDFDocEncoding):
(hyperref)                removing `superscript' on input line 1003.


Package hyperref Warning: Token not allowed in a PDF string (PDFDocEncoding):
(hyperref)                removing `math shift' on input line 1003.

[35]
Missing character: There is no ‚ in font cmr12!
Missing character: There is no Ä in font cmr12!
Missing character: There is no ô in font cmr12!
 (./conf.php)
<Screens/LdapServerLogin.png, id=962, 441.65pt x 324.21124pt>
File: Screens/LdapServerLogin.png Graphic file (type png)

<use Screens/LdapServerLogin.png>
Package pdftex.def Info: Screens/LdapServerLogin.png used on input line 1055.
(pdftex.def)             Requested size: 170.71304pt x 170.71805pt.

<Screens/serversidebar.png, id=963, 345.29pt x 367.3725pt>
File: Screens/serversidebar.png Graphic file (type png)

<use Screens/serversidebar.png>
Package pdftex.def Info: Screens/serversidebar.png used on input line 1065.
(pdftex.def)             Requested size: 170.71622pt x 170.71992pt.

Underfull \hbox (badness 10000) in paragraph at lines 1066--1066
[]\OT1/cmr/m/n/12 Figure 9.2: []Complete cat-e-gory of
 []

<Screens/UserCreation.png, id=964, 465.74pt x 721.69624pt>
File: Screens/UserCreation.png Graphic file (type png)

<use Screens/UserCreation.png>
Package pdftex.def Info: Screens/UserCreation.png used on input line 1080.
(pdftex.def)             Requested size: 284.53448pt x 426.7882pt.
 [36pdfTeX warning (ext4): destination with the same identifier (name{figure.9.
1}) has been already used, duplicate ignored

\AtBegShi@Output ...ipout \box \AtBeginShipoutBox 
                                                  \fi \fi 
l.1084 
       pdfTeX warning (ext4): destination with the same identifier (name{figure
.9.2}) has been already used, duplicate ignored

\AtBegShi@Output ...ipout \box \AtBeginShipoutBox 
                                                  \fi \fi 
l.1084 
        <./Screens/LdapServerLogin.png> <./Screens/serversidebar.png>]
<Screens/admin_group.png, id=974, 497.86pt x 310.15875pt>
File: Screens/admin_group.png Graphic file (type png)

<use Screens/admin_group.png>
Package pdftex.def Info: Screens/admin_group.png used on input line 1088.
(pdftex.def)             Requested size: 227.62817pt x 170.7156pt.

<Screens/AddUsertoGroup.png, id=975, 577.15625pt x 469.755pt>
File: Screens/AddUsertoGroup.png Graphic file (type png)

<use Screens/AddUsertoGroup.png>
Package pdftex.def Info: Screens/AddUsertoGroup.png used on input line 1096.
(pdftex.def)             Requested size: 284.53514pt x 227.62303pt.
 [37pdfTeX warning (ext4): destination with the same identifier (name{figure.9.
3}) has been already used, duplicate ignored

\AtBegShi@Output ...ipout \box \AtBeginShipoutBox 
                                                  \fi \fi 
l.1100 
       pdfTeX warning (ext4): destination with the same identifier (name{figure
.9.4}) has been already used, duplicate ignored

\AtBegShi@Output ...ipout \box \AtBeginShipoutBox 
                                                  \fi \fi 
l.1100 
        <./Screens/UserCreation.png> <./Screens/admin_group.png>]
<Screens/Groupsinfo.png, id=981, 988.69376pt x 601.24625pt>
File: Screens/Groupsinfo.png Graphic file (type png)

<use Screens/Groupsinfo.png>
Package pdftex.def Info: Screens/Groupsinfo.png used on input line 1104.
(pdftex.def)             Requested size: 483.6948pt x 284.53072pt.

Overfull \hbox (30.7269pt too wide) in paragraph at lines 1104--1105
 [] 
 []

[38pdfTeX warning (ext4): destination with the same identifier (name{figure.9.5
}) has been already used, duplicate ignored

\AtBegShi@Output ...ipout \box \AtBeginShipoutBox 
                                                  \fi \fi 
l.1111 	\subsection
                   {Installation and Configuration:}pdfTeX warning (ext4): dest
ination with the same identifier (name{figure.9.6}) has been already used, dupl
icate ignored

\AtBegShi@Output ...ipout \box \AtBeginShipoutBox 
                                                  \fi \fi 
l.1111 	\subsection
                   {Installation and Configuration:} <./Screens/AddUsertoGroup.
png> <./Screens/Groupsinfo.png>]
Underfull \hbox (badness 10000) in paragraph at lines 1135--1140

 []

[39] (/usr/share/texlive/texmf-dist/tex/latex/listings/lstlang1.sty
File: lstlang1.sty 2013/08/26 1.5b listings language file
)
(./nsswitch.conf) [40]
Underfull \hbox (badness 10000) in paragraph at lines 1182--1183

 []


Package hyperref Warning: Token not allowed in a PDF string (PDFDocEncoding):
(hyperref)                removing `math shift' on input line 1183.


Package hyperref Warning: Token not allowed in a PDF string (PDFDocEncoding):
(hyperref)                removing `superscript' on input line 1183.


Package hyperref Warning: Token not allowed in a PDF string (PDFDocEncoding):
(hyperref)                removing `math shift' on input line 1183.


Underfull \hbox (badness 10000) in paragraph at lines 1184--1190

 []


Underfull \hbox (badness 10000) in paragraph at lines 1191--1204

 []


Underfull \hbox (badness 10000) in paragraph at lines 1191--1204

 []


Underfull \hbox (badness 10000) in paragraph at lines 1191--1204

 []

[41]
Underfull \hbox (badness 10000) in paragraph at lines 1207--1210

 []


Underfull \hbox (badness 10000) in paragraph at lines 1211--1215

 []


Underfull \hbox (badness 10000) in paragraph at lines 1217--1221

 []


Underfull \hbox (badness 10000) in paragraph at lines 1222--1226

 []


Underfull \hbox (badness 10000) in paragraph at lines 1227--1232

 []


Underfull \hbox (badness 10000) in paragraph at lines 1233--1240

 []

[42] [43]
Underfull \hbox (badness 10000) in paragraph at lines 1241--1248

 []


Underfull \hbox (badness 10000) in paragraph at lines 1241--1248

 []


Underfull \hbox (badness 10000) in paragraph at lines 1241--1248

 []


Underfull \hbox (badness 10000) in paragraph at lines 1241--1248

 []


Overfull \hbox (1.09544pt too wide) in paragraph at lines 1256--1257
[]\OT1/cmr/m/n/12 Creating a new vol-ume with de-fault set-tings : $sudo mkfs.x
treemfs lo-cal-hot-s/myVol-
 []


Underfull \hbox (badness 10000) in paragraph at lines 1267--1273

 []


Underfull \hbox (badness 10000) in paragraph at lines 1267--1273

 []

[44]
Missing character: There is no ‚ in font cmr12!
Missing character: There is no Ä in font cmr12!
Missing character: There is no ô in font cmr12!

Underfull \hbox (badness 10000) in paragraph at lines 1280--1296

 []


Underfull \hbox (badness 10000) in paragraph at lines 1280--1296

 []


Underfull \hbox (badness 10000) in paragraph at lines 1280--1296

 []


Underfull \hbox (badness 10000) in paragraph at lines 1280--1296

 []


Underfull \hbox (badness 10000) in paragraph at lines 1280--1296

 []


Underfull \hbox (badness 10000) in paragraph at lines 1280--1296

 []


Underfull \hbox (badness 10000) in paragraph at lines 1280--1296

 []

[45]
Chapter 10.
<./openstack_1.png, id=1019, 606.265pt x 414.54875pt>
File: ./openstack_1.png Graphic file (type png)
 <use ./openstack_1.png>
Package pdftex.def Info: ./openstack_1.png used on input line 1306.
(pdftex.def)             Requested size: 312.9839pt x 227.61665pt.

Underfull \hbox (badness 10000) in paragraph at lines 1302--1309

 []


Overfull \hbox (8.68567pt too wide) in paragraph at lines 1313--1314
\OT1/cmr/m/n/12 Installing open-stack in-cludes com-po-nent wise in-stal-la-tio
n namely NTP, MySQL, Rabbitmq-
 []

<./openstack_4.png, id=1020, 788.9475pt x 363.3575pt>
File: ./openstack_4.png Graphic file (type png)
 <use ./openstack_4.png>
Package pdftex.def Info: ./openstack_4.png used on input line 1317.
(pdftex.def)             Requested size: 398.33708pt x 156.49016pt.

[46

pdfTeX warning (ext4): destination with the same identifier (name{figure.10.1})
 has been already used, duplicate ignored

\AtBegShi@Output ...ipout \box \AtBeginShipoutBox 
                                                  \fi \fi 
l.1320 \end{figure}
                    <./openstack_1.png>] [47pdfTeX warning (ext4): destination 
with the same identifier (name{figure.10.2}) has been already used, duplicate i
gnored

\AtBegShi@Output ...ipout \box \AtBeginShipoutBox 
                                                  \fi \fi 
l.1337 \section
               {Virtual Machines} <./openstack_4.png>]
<./openstack_2.png, id=1030, 1333.98375pt x 746.79pt>
File: ./openstack_2.png Graphic file (type png)
 <use ./openstack_2.png>
Package pdftex.def Info: ./openstack_2.png used on input line 1341.
(pdftex.def)             Requested size: 341.43353pt x 227.61678pt.

<./openstack_3.png, id=1031, 1371.1225pt x 770.88pt>
File: ./openstack_3.png Graphic file (type png)
 <use ./openstack_3.png>
Package pdftex.def Info: ./openstack_3.png used on input line 1347.
(pdftex.def)             Requested size: 341.41988pt x 227.61935pt.

[48pdfTeX warning (ext4): destination with the same identifier (name{figure.10.
3}) has been already used, duplicate ignored

\AtBegShi@Output ...ipout \box \AtBeginShipoutBox 
                                                  \fi \fi 
l.1351 \chapter
               {Conclusion \& Future Work}pdfTeX warning (ext4): destination wi
th the same identifier (name{figure.10.4}) has been already used, duplicate ign
ored

\AtBegShi@Output ...ipout \box \AtBeginShipoutBox 
                                                  \fi \fi 
l.1351 \chapter
               {Conclusion \& Future Work} <./openstack_2.png> <./openstack_3.p
ng>]
Chapter 11.

Underfull \hbox (badness 10000) in paragraph at lines 1354--1355

 []


Underfull \hbox (badness 10000) in paragraph at lines 1356--1357

 []

[49

]
Chapter 12.
Missing character: There is no ‚ in font cmr12!
Missing character: There is no Ä in font cmr12!
Missing character: There is no ù in font cmr12!
[50

]
Overfull \hbox (201.63014pt too wide) in paragraph at lines 1391--1392
[]\OT1/cmr/m/n/12 GlusterFS -- []$\OT1/cmtt/m/n/12 https : / / www . digitaloce
an . com / HowToCreateaRedundantStoragePoolUsingGlusterFSonUbuntuServers _
 []


Overfull \hbox (92.58559pt too wide) in paragraph at lines 1392--1393
[]\OT1/cmr/m/n/12 HAProxy -- []$\OT1/cmtt/m/n/12 www . digitalocean . com / How
ToUseHAProxytoSetUpHTTPLoadBalancingonanUbuntuVPS _
 []


Overfull \hbox (368.29433pt too wide) in paragraph at lines 1393--1394
[]\OT1/cmr/m/n/12 LDAP -- []$\OT1/cmtt/m/n/12 https : / / www . digitalocean . 
com / community / tutorials / how-[]to-[]install-[]and-[]configure-[]a-[]basic-
[]ldap-[]server-[]on-[]an-[]ubuntu-[]12-[]04-[]vps$[] 
 []


Overfull \hbox (3.75359pt too wide) in paragraph at lines 1394--1395
[]\OT1/cmr/m/n/12 NFS Server -- []$\OT1/cmtt/m/n/12 http : / / www . server-[]w
orld . info / en / note ? os = Ubuntu _ 14 . 04 & p = nfs$[] 
 []


Overfull \hbox (8.94943pt too wide) in paragraph at lines 1395--1396
[]\OT1/cmr/m/n/12 NFS Client -- []$\OT1/cmtt/m/n/12 http : / / www . server-[]w
orld . info / en / note ? os = Ubuntu _ 14 . 04 & p = nfs &
 []


Overfull \hbox (43.29799pt too wide) in paragraph at lines 1396--1397
[]\OT1/cmr/m/n/12 Openstack -- []$\OT1/cmtt/m/n/12 http : / / www . server-[]wo
rld . info / en / note ? os = Ubuntu _ 14 . 04 & p = openstack _
 []

Package atveryend Info: Empty hook `BeforeClearDocument' on input line 1400.
[51]
Package atveryend Info: Empty hook `AfterLastShipout' on input line 1400.
 (./final-report.aux)
Package atveryend Info: Executing hook `AtVeryEndDocument' on input line 1400.
Package atveryend Info: Executing hook `AtEndAfterFileList' on input line 1400.

Package rerunfilecheck Info: File `final-report.out' has not changed.
(rerunfilecheck)             Checksum: 4C3D5C0D6D38396926CEA314D769B9FC;7419.


LaTeX Warning: There were multiply-defined labels.

Package atveryend Info: Empty hook `AtVeryVeryEnd' on input line 1400.
 ) 
Here is how much of TeX's memory you used:
 10038 strings out of 494985
 153672 string characters out of 6180357
 664370 words of memory out of 5000000
 12722 multiletter control sequences out of 15000+600000
 13053 words of font info for 45 fonts, out of 8000000 for 9000
 36 hyphenation exceptions out of 8191
 31i,8n,43p,733b,3012s stack positions out of 5000i,500n,10000p,200000b,80000s
</usr/share/texlive/texmf-dist/fonts/type1/public/amsfonts/cm/cmbx12.pfb></us
r/share/texlive/texmf-dist/fonts/type1/public/amsfonts/cm/cmbxti10.pfb></usr/sh
are/texlive/texmf-dist/fonts/type1/public/amsfonts/cm/cmmi10.pfb></usr/share/te
xlive/texmf-dist/fonts/type1/public/amsfonts/cm/cmmi12.pfb></usr/share/texlive/
texmf-dist/fonts/type1/public/amsfonts/cm/cmr10.pfb></usr/share/texlive/texmf-d
ist/fonts/type1/public/amsfonts/cm/cmr12.pfb></usr/share/texlive/texmf-dist/fon
ts/type1/public/amsfonts/cm/cmr6.pfb></usr/share/texlive/texmf-dist/fonts/type1
/public/amsfonts/cm/cmr8.pfb></usr/share/texlive/texmf-dist/fonts/type1/public/
amsfonts/cm/cmsy10.pfb></usr/share/texlive/texmf-dist/fonts/type1/public/amsfon
ts/cm/cmti10.pfb></usr/share/texlive/texmf-dist/fonts/type1/public/amsfonts/cm/
cmti12.pfb></usr/share/texlive/texmf-dist/fonts/type1/public/amsfonts/cm/cmtt12
.pfb></usr/share/texlive/texmf-dist/fonts/type1/public/amsfonts/euler/eufb10.pf
b>
Output written on final-report.pdf (59 pages, 2257759 bytes).
PDF statistics:
 1216 PDF objects out of 1440 (max. 8388607)
 1089 compressed objects within 11 object streams
 352 named destinations out of 1000 (max. 500000)
 1045 words of extra memory for PDF output out of 10000 (max. 10000000)

