\BOOKMARK [0][-]{chapter.1}{Introduction}{}% 1
\BOOKMARK [1][-]{section.1.1}{Introduction}{chapter.1}% 2
\BOOKMARK [2][-]{subsection.1.1.1}{Private Cloud}{section.1.1}% 3
\BOOKMARK [2][-]{subsection.1.1.2}{Deploying Network Services}{section.1.1}% 4
\BOOKMARK [2][-]{subsection.1.1.3}{Central Identity}{section.1.1}% 5
\BOOKMARK [0][-]{chapter.2}{Motivation \046 Approach}{}% 6
\BOOKMARK [1][-]{section.2.1}{Existing System}{chapter.2}% 7
\BOOKMARK [1][-]{section.2.2}{Problems under consideration}{chapter.2}% 8
\BOOKMARK [1][-]{section.2.3}{Proposed System}{chapter.2}% 9
\BOOKMARK [1][-]{section.2.4}{Approach}{chapter.2}% 10
\BOOKMARK [0][-]{chapter.3}{System Design}{}% 11
\BOOKMARK [1][-]{section.3.1}{Users \046 IT Services}{chapter.3}% 12
\BOOKMARK [1][-]{section.3.2}{Components Identified}{chapter.3}% 13
\BOOKMARK [1][-]{section.3.3}{Cloud Infrastructure Architecture}{chapter.3}% 14
\BOOKMARK [0][-]{chapter.4}{Central Identiy}{}% 15
\BOOKMARK [1][-]{section.4.1}{Single Sign-On with REST API}{chapter.4}% 16
\BOOKMARK [2][-]{subsection.4.1.1}{Introduction}{section.4.1}% 17
\BOOKMARK [2][-]{subsection.4.1.2}{Why Single Sign-On?}{section.4.1}% 18
\BOOKMARK [3][-]{subsubsection.4.1.2.1}{Advantages}{subsection.4.1.2}% 19
\BOOKMARK [2][-]{subsection.4.1.3}{Single Sign-On Work Flow}{section.4.1}% 20
\BOOKMARK [3][-]{subsubsection.4.1.3.1}{OAuth Protocol}{subsection.4.1.3}% 21
\BOOKMARK [1][-]{section.4.2}{Identity Management}{chapter.4}% 22
\BOOKMARK [2][-]{subsection.4.2.1}{Introduction}{section.4.2}% 23
\BOOKMARK [2][-]{subsection.4.2.2}{Authentication \046 Authorization}{section.4.2}% 24
\BOOKMARK [3][-]{subsubsection.4.2.2.1}{Federated Identity Management}{subsection.4.2.2}% 25
\BOOKMARK [3][-]{subsubsection.4.2.2.2}{User-Centric Identity Management}{subsection.4.2.2}% 26
\BOOKMARK [3][-]{subsubsection.4.2.2.3}{Relating to Our University}{subsection.4.2.2}% 27
\BOOKMARK [1][-]{section.4.3}{Dynamic Role Based Access Control}{chapter.4}% 28
\BOOKMARK [2][-]{subsection.4.3.1}{Introduction}{section.4.3}% 29
\BOOKMARK [2][-]{subsection.4.3.2}{Basic Idea of RBAC}{section.4.3}% 30
\BOOKMARK [2][-]{subsection.4.3.3}{Structure Diagram of RBAC Model}{section.4.3}% 31
\BOOKMARK [2][-]{subsection.4.3.4}{Dynamic Role Based Access Control Model}{section.4.3}% 32
\BOOKMARK [1][-]{section.4.4}{Conclusion}{chapter.4}% 33
\BOOKMARK [0][-]{chapter.5}{Network Components}{}% 34
\BOOKMARK [1][-]{section.5.1}{Network Components}{chapter.5}% 35
\BOOKMARK [2][-]{subsection.5.1.1}{Introduction}{section.5.1}% 36
\BOOKMARK [2][-]{subsection.5.1.2}{Basic Networking Components}{section.5.1}% 37
\BOOKMARK [3][-]{subsubsection.5.1.2.1}{Router}{subsection.5.1.2}% 38
\BOOKMARK [3][-]{subsubsection.5.1.2.2}{Switch}{subsection.5.1.2}% 39
\BOOKMARK [1][-]{section.5.2}{AAA Server}{chapter.5}% 40
\BOOKMARK [1][-]{section.5.3}{LDAP Server}{chapter.5}% 41
\BOOKMARK [1][-]{section.5.4}{NFS Server}{chapter.5}% 42
\BOOKMARK [0][-]{chapter.6}{Cloud Infrastructure}{}% 43
\BOOKMARK [1][-]{section.6.1}{Cloud Computing}{chapter.6}% 44
\BOOKMARK [2][-]{subsection.6.1.1}{Introduction}{section.6.1}% 45
\BOOKMARK [2][-]{subsection.6.1.2}{Cloud Characterstics}{section.6.1}% 46
\BOOKMARK [2][-]{subsection.6.1.3}{Service Models}{section.6.1}% 47
\BOOKMARK [2][-]{subsection.6.1.4}{Deployment Models}{section.6.1}% 48
\BOOKMARK [1][-]{section.6.2}{Private Clouds}{chapter.6}% 49
\BOOKMARK [2][-]{subsection.6.2.1}{Introduction}{section.6.2}% 50
\BOOKMARK [2][-]{subsection.6.2.2}{Open Source Tools}{section.6.2}% 51
\BOOKMARK [1][-]{section.6.3}{Conclusion}{chapter.6}% 52
\BOOKMARK [0][-]{chapter.7}{Implentation and Specifications}{}% 53
\BOOKMARK [1][-]{section.7.1}{Implentation}{chapter.7}% 54
\BOOKMARK [1][-]{section.7.2}{Specifications}{chapter.7}% 55
\BOOKMARK [1][-]{section.7.3}{Technologies and Tools}{chapter.7}% 56
\BOOKMARK [0][-]{chapter.8}{Web based Single Sign-On}{}% 57
\BOOKMARK [1][-]{section.8.1}{OAuth Provider}{chapter.8}% 58
\BOOKMARK [2][-]{subsection.8.1.1}{OAuth Protocol}{section.8.1}% 59
\BOOKMARK [1][-]{section.8.2}{University User Profiles}{chapter.8}% 60
\BOOKMARK [1][-]{section.8.3}{REST API}{chapter.8}% 61
\BOOKMARK [2][-]{subsection.8.3.1}{Technologies Used}{section.8.3}% 62
\BOOKMARK [2][-]{subsection.8.3.2}{API Testing}{section.8.3}% 63
\BOOKMARK [1][-]{section.8.4}{Roles \046 Permissions}{chapter.8}% 64
\BOOKMARK [1][-]{section.8.5}{PHP Client Libraray}{chapter.8}% 65
\BOOKMARK [2][-]{subsection.8.5.1}{Initializing the Client Library}{section.8.5}% 66
\BOOKMARK [2][-]{subsection.8.5.2}{Get Authorization URL}{section.8.5}% 67
\BOOKMARK [2][-]{subsection.8.5.3}{Get Access Token}{section.8.5}% 68
\BOOKMARK [2][-]{subsection.8.5.4}{Initializing API with Access Token}{section.8.5}% 69
\BOOKMARK [2][-]{subsection.8.5.5}{Getting User Info from API}{section.8.5}% 70
\BOOKMARK [0][-]{chapter.9}{Network Single Sign-On}{}% 71
\BOOKMARK [1][-]{section.9.1}{Introduction}{chapter.9}% 72
\BOOKMARK [1][-]{section.9.2}{LDAP Server}{chapter.9}% 73
\BOOKMARK [2][-]{subsection.9.2.1}{Installation and Configuration \0409}{section.9.2}% 74
\BOOKMARK [1][-]{section.9.3}{phpLDAPadmin}{chapter.9}% 75
\BOOKMARK [2][-]{subsection.9.3.1}{Installation and Configuration}{section.9.3}% 76
\BOOKMARK [2][-]{subsection.9.3.2}{Web Interface of phpLDAPadmin:}{section.9.3}% 77
\BOOKMARK [1][-]{section.9.4}{LDAP Client:}{chapter.9}% 78
\BOOKMARK [2][-]{subsection.9.4.1}{Installation and Configuration:}{section.9.4}% 79
\BOOKMARK [2][-]{subsection.9.4.2}{Log In as an LDAP User:}{section.9.4}% 80
\BOOKMARK [1][-]{section.9.5}{HAProxy}{chapter.9}% 81
\BOOKMARK [2][-]{subsection.9.5.1}{Installing HAProxy \0408}{section.9.5}% 82
\BOOKMARK [2][-]{subsection.9.5.2}{Configuring HAProxy}{section.9.5}% 83
\BOOKMARK [1][-]{section.9.6}{GlusterFS}{chapter.9}% 84
\BOOKMARK [2][-]{subsection.9.6.1}{Configure DNS solution}{section.9.6}% 85
\BOOKMARK [2][-]{subsection.9.6.2}{Install server components}{section.9.6}% 86
\BOOKMARK [2][-]{subsection.9.6.3}{Create a storage volume}{section.9.6}% 87
\BOOKMARK [2][-]{subsection.9.6.4}{Install and configure client components}{section.9.6}% 88
\BOOKMARK [2][-]{subsection.9.6.5}{Restrict access to the volume}{section.9.6}% 89
\BOOKMARK [1][-]{section.9.7}{XtreemFS}{chapter.9}% 90
\BOOKMARK [2][-]{subsection.9.7.1}{Installation, Creating \046 Mounting Filesystem}{section.9.7}% 91
\BOOKMARK [2][-]{subsection.9.7.2}{Distributed Step}{section.9.7}% 92
\BOOKMARK [0][-]{chapter.10}{Private Infrastructure Cloud}{}% 93
\BOOKMARK [1][-]{section.10.1}{Openstack Architecture}{chapter.10}% 94
\BOOKMARK [1][-]{section.10.2}{Installation}{chapter.10}% 95
\BOOKMARK [2][-]{subsection.10.2.1}{NTP}{section.10.2}% 96
\BOOKMARK [2][-]{subsection.10.2.2}{MySQL}{section.10.2}% 97
\BOOKMARK [2][-]{subsection.10.2.3}{Rabbitmq-server}{section.10.2}% 98
\BOOKMARK [2][-]{subsection.10.2.4}{Keystone}{section.10.2}% 99
\BOOKMARK [2][-]{subsection.10.2.5}{Glance}{section.10.2}% 100
\BOOKMARK [2][-]{subsection.10.2.6}{Nova}{section.10.2}% 101
\BOOKMARK [2][-]{subsection.10.2.7}{Neutron}{section.10.2}% 102
\BOOKMARK [1][-]{section.10.3}{Virtual Machines}{chapter.10}% 103
\BOOKMARK [0][-]{chapter.11}{Conclusion \046 Future Work}{}% 104
\BOOKMARK [1][-]{section.11.1}{Conclusion}{chapter.11}% 105
\BOOKMARK [1][-]{section.11.2}{Future Work}{chapter.11}% 106
