\BOOKMARK [0][-]{chapter.1}{Introduction}{}% 1
\BOOKMARK [1][-]{section.1.1}{Introduction}{chapter.1}% 2
\BOOKMARK [2][-]{subsection.1.1.1}{Private Cloud}{section.1.1}% 3
\BOOKMARK [2][-]{subsection.1.1.2}{Deploying Network Services}{section.1.1}% 4
\BOOKMARK [2][-]{subsection.1.1.3}{Central Identity}{section.1.1}% 5
\BOOKMARK [0][-]{chapter.2}{Motivation \046 Approach}{}% 6
\BOOKMARK [1][-]{section.2.1}{Existing System}{chapter.2}% 7
\BOOKMARK [1][-]{section.2.2}{Problems under consideration}{chapter.2}% 8
\BOOKMARK [1][-]{section.2.3}{Proposed System}{chapter.2}% 9
\BOOKMARK [1][-]{section.2.4}{Approach}{chapter.2}% 10
\BOOKMARK [0][-]{chapter.3}{System Design}{}% 11
\BOOKMARK [1][-]{section.3.1}{Users \046 IT Services}{chapter.3}% 12
\BOOKMARK [1][-]{section.3.2}{Components Identified}{chapter.3}% 13
\BOOKMARK [0][-]{chapter.4}{Central Identiy}{}% 14
\BOOKMARK [1][-]{section.4.1}{Single Sign on}{chapter.4}% 15
\BOOKMARK [1][-]{section.4.2}{Identity Management}{chapter.4}% 16
\BOOKMARK [1][-]{section.4.3}{Dynamic Role Based Access Control}{chapter.4}% 17
\BOOKMARK [1][-]{section.4.4}{Hybrid version with REST API to third party }{chapter.4}% 18
\BOOKMARK [1][-]{section.4.5}{Conclusion}{chapter.4}% 19
\BOOKMARK [0][-]{chapter.5}{Network Components}{}% 20
\BOOKMARK [1][-]{section.5.1}{Introduction}{chapter.5}% 21
\BOOKMARK [1][-]{section.5.2}{AAA}{chapter.5}% 22
\BOOKMARK [1][-]{section.5.3}{LDAP}{chapter.5}% 23
\BOOKMARK [1][-]{section.5.4}{NFS}{chapter.5}% 24
\BOOKMARK [1][-]{section.5.5}{Conclusion}{chapter.5}% 25
\BOOKMARK [0][-]{chapter.6}{Cloud Infrastructure}{}% 26
\BOOKMARK [1][-]{section.6.1}{Cloud Computing}{chapter.6}% 27
\BOOKMARK [2][-]{subsection.6.1.1}{Introduction}{section.6.1}% 28
\BOOKMARK [2][-]{subsection.6.1.2}{Challenges}{section.6.1}% 29
\BOOKMARK [2][-]{subsection.6.1.3}{Service Models}{section.6.1}% 30
\BOOKMARK [2][-]{subsection.6.1.4}{Deployment Models}{section.6.1}% 31
\BOOKMARK [1][-]{section.6.2}{Private Clouds}{chapter.6}% 32
\BOOKMARK [1][-]{section.6.3}{Introduction}{chapter.6}% 33
\BOOKMARK [1][-]{section.6.4}{Open Source Tools}{chapter.6}% 34
\BOOKMARK [1][-]{section.6.5}{Comparisions}{chapter.6}% 35
\BOOKMARK [1][-]{section.6.6}{Conclusion}{chapter.6}% 36
\BOOKMARK [0][-]{chapter.7}{Implentation and Specifications}{}% 37
\BOOKMARK [1][-]{section.7.1}{Implentation}{chapter.7}% 38
\BOOKMARK [1][-]{section.7.2}{Specifications}{chapter.7}% 39
\BOOKMARK [1][-]{section.7.3}{Desired Technologies}{chapter.7}% 40
\BOOKMARK [1][-]{section.7.4}{Expcted Results}{chapter.7}% 41
\BOOKMARK [0][-]{chapter.8}{Further Work}{}% 42
\BOOKMARK [1][-]{section.8.1}{Further Work}{chapter.8}% 43
\BOOKMARK [0][-]{chapter.9}{References}{}% 44
\BOOKMARK [1][-]{section.9.1}{Web References}{chapter.9}% 45
